This is pdfTeX, Version 3.141592653-2.6-1.40.25 (TeX Live 2023/Debian) (preloaded format=pdflatex 2024.12.3)  20 JAN 2026 08:59
entering extended mode
 restricted \write18 enabled.
 file:line:error style messages enabled.
 %&-line parsing enabled.
**/home/akil/Desktop/PhDThesis-Project/main.tex
(/home/akil/Desktop/PhDThesis-Project/main.tex
LaTeX2e <2023-11-01> patch level 1
L3 programming layer <2024-01-22>
(/usr/share/texlive/texmf-dist/tex/latex/base/report.cls
Document Class: report 2023/05/17 v1.4n Standard LaTeX document class
(/usr/share/texlive/texmf-dist/tex/latex/base/size11.clo
File: size11.clo 2023/05/17 v1.4n Standard LaTeX file (size option)
)
\c@part=\count187
\c@chapter=\count188
\c@section=\count189
\c@subsection=\count190
\c@subsubsection=\count191
\c@paragraph=\count192
\c@subparagraph=\count193
\c@figure=\count194
\c@table=\count195
\abovecaptionskip=\skip48
\belowcaptionskip=\skip49
\bibindent=\dimen140
) (/usr/share/texlive/texmf-dist/tex/latex/base/inputenc.sty
Package: inputenc 2021/02/14 v1.3d Input encoding file
\inpenc@prehook=\toks17
\inpenc@posthook=\toks18
) (./feupteses.sty
Package: feupteses 2017/10/02 1.1.2 

Document Style `FEUP Teses' 1.1.2 <2017/10/02>
(/usr/share/texlive/texmf-dist/tex/generic/iftex/ifpdf.sty
Package: ifpdf 2019/10/25 v3.4 ifpdf legacy package. Use iftex instead.
 (/usr/share/texlive/texmf-dist/tex/generic/iftex/iftex.sty
Package: iftex 2022/02/03 v1.0f TeX engine tests
)) (/usr/share/texlive/texmf-dist/tex/latex/base/fontenc.sty
Package: fontenc 2021/04/29 v2.0v Standard LaTeX package
) (/usr/share/texlive/texmf-dist/tex/generic/babel/babel.sty
Package: babel 2024/01/07 v24.1 The Babel package
\babel@savecnt=\count196
\U@D=\dimen141
\l@unhyphenated=\language89
 (/usr/share/texlive/texmf-dist/tex/generic/babel/txtbabel.def)
\bbl@readstream=\read2
\bbl@dirlevel=\count197
 (/usr/share/texlive/texmf-dist/tex/generic/babel-english/english.ldf
Language: english 2017/06/06 v3.3r English support from the babel system
Package babel Info: Hyphen rules for 'canadian' set to \l@english
(babel)             (\language0). Reported on input line 102.
Package babel Info: Hyphen rules for 'australian' set to \l@ukenglish
(babel)             (\language73). Reported on input line 105.
Package babel Info: Hyphen rules for 'newzealand' set to \l@ukenglish
(babel)             (\language73). Reported on input line 108.
)) (/usr/share/texlive/texmf-dist/tex/generic/babel/locale/en/babel-english.tex
Package babel Info: Importing font and identification data for english
(babel)             from babel-en.ini. Reported on input line 11.
) (/usr/share/texlive/texmf-dist/tex/latex/geometry/geometry.sty
Package: geometry 2020/01/02 v5.9 Page Geometry
 (/usr/share/texlive/texmf-dist/tex/latex/graphics/keyval.sty
Package: keyval 2022/05/29 v1.15 key=value parser (DPC)
\KV@toks@=\toks19
) (/usr/share/texlive/texmf-dist/tex/generic/iftex/ifvtex.sty
Package: ifvtex 2019/10/25 v1.7 ifvtex legacy package. Use iftex instead.
)
\Gm@cnth=\count198
\Gm@cntv=\count199
\c@Gm@tempcnt=\count266
\Gm@bindingoffset=\dimen142
\Gm@wd@mp=\dimen143
\Gm@odd@mp=\dimen144
\Gm@even@mp=\dimen145
\Gm@layoutwidth=\dimen146
\Gm@layoutheight=\dimen147
\Gm@layouthoffset=\dimen148
\Gm@layoutvoffset=\dimen149
\Gm@dimlist=\toks20
) (/usr/share/texlive/texmf-dist/tex/latex/psnfss/mathptmx.sty
Package: mathptmx 2020/03/25 PSNFSS-v9.3 Times w/ Math, improved (SPQR, WaS) 
LaTeX Font Info:    Redeclaring symbol font `operators' on input line 28.
LaTeX Font Info:    Overwriting symbol font `operators' in version `normal'
(Font)                  OT1/cmr/m/n --> OT1/ztmcm/m/n on input line 28.
LaTeX Font Info:    Overwriting symbol font `operators' in version `bold'
(Font)                  OT1/cmr/bx/n --> OT1/ztmcm/m/n on input line 28.
LaTeX Font Info:    Redeclaring symbol font `letters' on input line 29.
LaTeX Font Info:    Overwriting symbol font `letters' in version `normal'
(Font)                  OML/cmm/m/it --> OML/ztmcm/m/it on input line 29.
LaTeX Font Info:    Overwriting symbol font `letters' in version `bold'
(Font)                  OML/cmm/b/it --> OML/ztmcm/m/it on input line 29.
LaTeX Font Info:    Redeclaring symbol font `symbols' on input line 30.
LaTeX Font Info:    Overwriting symbol font `symbols' in version `normal'
(Font)                  OMS/cmsy/m/n --> OMS/ztmcm/m/n on input line 30.
LaTeX Font Info:    Overwriting symbol font `symbols' in version `bold'
(Font)                  OMS/cmsy/b/n --> OMS/ztmcm/m/n on input line 30.
LaTeX Font Info:    Redeclaring symbol font `largesymbols' on input line 31.
LaTeX Font Info:    Overwriting symbol font `largesymbols' in version `normal'
(Font)                  OMX/cmex/m/n --> OMX/ztmcm/m/n on input line 31.
LaTeX Font Info:    Overwriting symbol font `largesymbols' in version `bold'
(Font)                  OMX/cmex/m/n --> OMX/ztmcm/m/n on input line 31.
\symbold=\mathgroup4
\symitalic=\mathgroup5
LaTeX Font Info:    Redeclaring math alphabet \mathbf on input line 34.
LaTeX Font Info:    Overwriting math alphabet `\mathbf' in version `normal'
(Font)                  OT1/cmr/bx/n --> OT1/ptm/bx/n on input line 34.
LaTeX Font Info:    Overwriting math alphabet `\mathbf' in version `bold'
(Font)                  OT1/cmr/bx/n --> OT1/ptm/bx/n on input line 34.
LaTeX Font Info:    Redeclaring math alphabet \mathit on input line 35.
LaTeX Font Info:    Overwriting math alphabet `\mathit' in version `normal'
(Font)                  OT1/cmr/m/it --> OT1/ptm/m/it on input line 35.
LaTeX Font Info:    Overwriting math alphabet `\mathit' in version `bold'
(Font)                  OT1/cmr/bx/it --> OT1/ptm/m/it on input line 35.
LaTeX Info: Redefining \hbar on input line 50.
) (/usr/share/texlive/texmf-dist/tex/latex/courier-scaled/couriers.sty
Package: couriers 2004/07/10 Scaled Courier (HS) 
) (/usr/share/texlive/texmf-dist/tex/latex/psnfss/helvet.sty
Package: helvet 2020/03/25 PSNFSS-v9.3 (WaS) 
) (/usr/share/texlive/texmf-dist/tex/latex/graphics/graphicx.sty
Package: graphicx 2021/09/16 v1.2d Enhanced LaTeX Graphics (DPC,SPQR)
 (/usr/share/texlive/texmf-dist/tex/latex/graphics/graphics.sty
Package: graphics 2022/03/10 v1.4e Standard LaTeX Graphics (DPC,SPQR)
 (/usr/share/texlive/texmf-dist/tex/latex/graphics/trig.sty
Package: trig 2021/08/11 v1.11 sin cos tan (DPC)
) (/usr/share/texlive/texmf-dist/tex/latex/graphics-cfg/graphics.cfg
File: graphics.cfg 2016/06/04 v1.11 sample graphics configuration
)
Package graphics Info: Driver file: pdftex.def on input line 107.
 (/usr/share/texlive/texmf-dist/tex/latex/graphics-def/pdftex.def
File: pdftex.def 2022/09/22 v1.2b Graphics/color driver for pdftex
))
\Gin@req@height=\dimen150
\Gin@req@width=\dimen151
) (/usr/share/texlive/texmf-dist/tex/latex/url/url.sty
\Urlmuskip=\muskip16
Package: url 2013/09/16  ver 3.4  Verb mode for urls, etc.
) (/usr/share/texlive/texmf-dist/tex/latex/setspace/setspace.sty
Package: setspace 2022/12/04 v6.7b set line spacing
) (/usr/share/texlive/texmf-dist/tex/latex/base/makeidx.sty
Package: makeidx 2021/10/04 v1.0m Standard LaTeX package
) (/usr/share/texlive/texmf-dist/tex/latex/caption/caption.sty
Package: caption 2023/08/05 v3.6o Customizing captions (AR)
 (/usr/share/texlive/texmf-dist/tex/latex/caption/caption3.sty
Package: caption3 2023/07/31 v2.4d caption3 kernel (AR)
\caption@tempdima=\dimen152
\captionmargin=\dimen153
\caption@leftmargin=\dimen154
\caption@rightmargin=\dimen155
\caption@width=\dimen156
\caption@indent=\dimen157
\caption@parindent=\dimen158
\caption@hangindent=\dimen159
Package caption Info: Standard document class detected.
)
\c@caption@flags=\count267
\c@continuedfloat=\count268
) (./lineno.sty
Package: lineno 2005/11/02 line numbers on paragraphs v4.41
\linenopenalty=\count269
\output=\toks21
\linenoprevgraf=\count270
\linenumbersep=\dimen160
\linenumberwidth=\dimen161
\c@linenumber=\count271
\c@pagewiselinenumber=\count272
\c@LN@truepage=\count273
\c@internallinenumber=\count274
\c@internallinenumbers=\count275
\quotelinenumbersep=\dimen162
\bframerule=\dimen163
\bframesep=\dimen164
\bframebox=\box51
LaTeX Info: Redefining \\ on input line 3056.
) (/usr/share/texlive/texmf-dist/tex/latex/xcolor/xcolor.sty
Package: xcolor 2023/11/15 v3.01 LaTeX color extensions (UK)
 (/usr/share/texlive/texmf-dist/tex/latex/graphics-cfg/color.cfg
File: color.cfg 2016/01/02 v1.6 sample color configuration
)
Package xcolor Info: Driver file: pdftex.def on input line 274.
 (/usr/share/texlive/texmf-dist/tex/latex/graphics/mathcolor.ltx)
Package xcolor Info: Model `cmy' substituted by `cmy0' on input line 1350.
Package xcolor Info: Model `hsb' substituted by `rgb' on input line 1354.
Package xcolor Info: Model `RGB' extended on input line 1366.
Package xcolor Info: Model `HTML' substituted by `rgb' on input line 1368.
Package xcolor Info: Model `Hsb' substituted by `hsb' on input line 1369.
Package xcolor Info: Model `tHsb' substituted by `hsb' on input line 1370.
Package xcolor Info: Model `HSB' substituted by `hsb' on input line 1371.
Package xcolor Info: Model `Gray' substituted by `gray' on input line 1372.
Package xcolor Info: Model `wave' substituted by `hsb' on input line 1373.
) (/usr/share/texlive/texmf-dist/tex/latex/natbib/natbib.sty
Package: natbib 2010/09/13 8.31b (PWD, AO)
\bibhang=\skip50
\bibsep=\skip51
LaTeX Info: Redefining \cite on input line 694.
\c@NAT@ctr=\count276
)
\@vivatext=\box52
\@supervisorstext=\box53
 (/usr/share/texlive/texmf-dist/tex/latex/fancyhdr/fancyhdr.sty
Package: fancyhdr 2022/11/09 v4.1 Extensive control of page headers and footers
\f@nch@headwidth=\skip52
\f@nch@O@elh=\skip53
\f@nch@O@erh=\skip54
\f@nch@O@olh=\skip55
\f@nch@O@orh=\skip56
\f@nch@O@elf=\skip57
\f@nch@O@erf=\skip58
\f@nch@O@olf=\skip59
\f@nch@O@orf=\skip60
) (/usr/share/texlive/texmf-dist/tex/latex/hyperref/hyperref.sty
Package: hyperref 2024-01-20 v7.01h Hypertext links for LaTeX
 (/usr/share/texlive/texmf-dist/tex/latex/kvsetkeys/kvsetkeys.sty
Package: kvsetkeys 2022-10-05 v1.19 Key value parser (HO)
) (/usr/share/texlive/texmf-dist/tex/generic/kvdefinekeys/kvdefinekeys.sty
Package: kvdefinekeys 2019-12-19 v1.6 Define keys (HO)
) (/usr/share/texlive/texmf-dist/tex/generic/pdfescape/pdfescape.sty
Package: pdfescape 2019/12/09 v1.15 Implements pdfTeX's escape features (HO)
 (/usr/share/texlive/texmf-dist/tex/generic/ltxcmds/ltxcmds.sty
Package: ltxcmds 2023-12-04 v1.26 LaTeX kernel commands for general use (HO)
) (/usr/share/texlive/texmf-dist/tex/generic/pdftexcmds/pdftexcmds.sty
Package: pdftexcmds 2020-06-27 v0.33 Utility functions of pdfTeX for LuaTeX (HO)
 (/usr/share/texlive/texmf-dist/tex/generic/infwarerr/infwarerr.sty
Package: infwarerr 2019/12/03 v1.5 Providing info/warning/error messages (HO)
)
Package pdftexcmds Info: \pdf@primitive is available.
Package pdftexcmds Info: \pdf@ifprimitive is available.
Package pdftexcmds Info: \pdfdraftmode found.
)) (/usr/share/texlive/texmf-dist/tex/latex/hycolor/hycolor.sty
Package: hycolor 2020-01-27 v1.10 Color options for hyperref/bookmark (HO)
) (/usr/share/texlive/texmf-dist/tex/latex/auxhook/auxhook.sty
Package: auxhook 2019-12-17 v1.6 Hooks for auxiliary files (HO)
) (/usr/share/texlive/texmf-dist/tex/latex/hyperref/nameref.sty
Package: nameref 2023-11-26 v2.56 Cross-referencing by name of section
 (/usr/share/texlive/texmf-dist/tex/latex/refcount/refcount.sty
Package: refcount 2019/12/15 v3.6 Data extraction from label references (HO)
) (/usr/share/texlive/texmf-dist/tex/generic/gettitlestring/gettitlestring.sty
Package: gettitlestring 2019/12/15 v1.6 Cleanup title references (HO)
 (/usr/share/texlive/texmf-dist/tex/latex/kvoptions/kvoptions.sty
Package: kvoptions 2022-06-15 v3.15 Key value format for package options (HO)
))
\c@section@level=\count277
) (/usr/share/texlive/texmf-dist/tex/latex/etoolbox/etoolbox.sty
Package: etoolbox 2020/10/05 v2.5k e-TeX tools for LaTeX (JAW)
\etb@tempcnta=\count278
)
\@linkdim=\dimen165
\Hy@linkcounter=\count279
\Hy@pagecounter=\count280
 (/usr/share/texlive/texmf-dist/tex/latex/hyperref/pd1enc.def
File: pd1enc.def 2024-01-20 v7.01h Hyperref: PDFDocEncoding definition (HO)
Now handling font encoding PD1 ...
... no UTF-8 mapping file for font encoding PD1
) (/usr/share/texlive/texmf-dist/tex/generic/intcalc/intcalc.sty
Package: intcalc 2019/12/15 v1.3 Expandable calculations with integers (HO)
)
\Hy@SavedSpaceFactor=\count281
 (/usr/share/texlive/texmf-dist/tex/latex/hyperref/puenc.def
File: puenc.def 2024-01-20 v7.01h Hyperref: PDF Unicode definition (HO)
Now handling font encoding PU ...
... no UTF-8 mapping file for font encoding PU
)
Package hyperref Info: Option `pdfpagelabels' set `true' on input line 4062.
Package hyperref Info: Option `bookmarks' set `true' on input line 4062.
Package hyperref Info: Option `hyperindex' set `true' on input line 4062.
Package hyperref Info: Option `hyperfigures' set `true' on input line 4062.
Package hyperref Info: Hyper figures ON on input line 4177.
Package hyperref Info: Link nesting OFF on input line 4184.
Package hyperref Info: Hyper index ON on input line 4187.
Package hyperref Info: Plain pages OFF on input line 4194.
Package hyperref Info: Backreferencing OFF on input line 4199.
Package hyperref Info: Implicit mode ON; LaTeX internals redefined.
Package hyperref Info: Bookmarks ON on input line 4446.
\c@Hy@tempcnt=\count282
LaTeX Info: Redefining \url on input line 4784.
\XeTeXLinkMargin=\dimen166
 (/usr/share/texlive/texmf-dist/tex/generic/bitset/bitset.sty
Package: bitset 2019/12/09 v1.3 Handle bit-vector datatype (HO)
 (/usr/share/texlive/texmf-dist/tex/generic/bigintcalc/bigintcalc.sty
Package: bigintcalc 2019/12/15 v1.5 Expandable calculations on big integers (HO)
))
\Fld@menulength=\count283
\Field@Width=\dimen167
\Fld@charsize=\dimen168
Package hyperref Info: Hyper figures ON on input line 6061.
Package hyperref Info: Link nesting OFF on input line 6068.
Package hyperref Info: Hyper index ON on input line 6071.
Package hyperref Info: backreferencing OFF on input line 6078.
Package hyperref Info: Link coloring OFF on input line 6083.
Package hyperref Info: Link coloring with OCG OFF on input line 6088.
Package hyperref Info: PDF/A mode OFF on input line 6093.
 (/usr/share/texlive/texmf-dist/tex/latex/base/atbegshi-ltx.sty
Package: atbegshi-ltx 2021/01/10 v1.0c Emulation of the original atbegshi
package with kernel methods
)
\Hy@abspage=\count284
\c@Item=\count285
\c@Hfootnote=\count286
)
Package hyperref Info: Driver: hpdftex.
 (/usr/share/texlive/texmf-dist/tex/latex/hyperref/hpdftex.def
File: hpdftex.def 2024-01-20 v7.01h Hyperref driver for pdfTeX
 (/usr/share/texlive/texmf-dist/tex/latex/base/atveryend-ltx.sty
Package: atveryend-ltx 2020/08/19 v1.0a Emulation of the original atveryend package
with kernel methods
)
\Fld@listcount=\count287
\c@bookmark@seq@number=\count288
 (/usr/share/texlive/texmf-dist/tex/latex/rerunfilecheck/rerunfilecheck.sty
Package: rerunfilecheck 2022-07-10 v1.10 Rerun checks for auxiliary files (HO)
 (/usr/share/texlive/texmf-dist/tex/generic/uniquecounter/uniquecounter.sty
Package: uniquecounter 2019/12/15 v1.4 Provide unlimited unique counter (HO)
)
Package uniquecounter Info: New unique counter `rerunfilecheck' on input line 285.
)
\Hy@SectionHShift=\skip61
)
Package hyperref Info: Option `plainpages' set `false' on input line 537.
Package hyperref Info: Option `bookmarksopen' set `false' on input line 537.
Package hyperref Info: Option `bookmarksnumbered' set `true' on input line 537.
Package hyperref Info: Option `breaklinks' set `true' on input line 537.
Package hyperref Info: Option `linktocpage' set `true' on input line 537.
Package hyperref Info: Option `colorlinks' set `true' on input line 537.
) (/usr/share/texlive/texmf-dist/tex/latex/float/float.sty
Package: float 2001/11/08 v1.3d Float enhancements (AL)
\c@float@type=\count289
\float@exts=\toks22
\float@box=\box54
\@float@everytoks=\toks23
\@floatcapt=\box55
) (/usr/share/texlive/texmf-dist/tex/latex/tools/afterpage.sty
Package: afterpage 2023/07/04 v1.08 After-Page Package (DPC)
\AP@output=\toks24
\AP@partial=\box56
\AP@footins=\box57
) (/usr/share/texlive/texmf-dist/tex/latex/csquotes/csquotes.sty
Package: csquotes 2022-09-14 v5.2n context-sensitive quotations (JAW)
\csq@reset=\count290
\csq@gtype=\count291
\csq@glevel=\count292
\csq@qlevel=\count293
\csq@maxlvl=\count294
\csq@tshold=\count295
\csq@ltx@everypar=\toks25
 (/usr/share/texlive/texmf-dist/tex/latex/csquotes/csquotes.def
File: csquotes.def 2022-09-14 v5.2n csquotes generic definitions (JAW)
)
Package csquotes Info: Trying to load configuration file 'csquotes.cfg'...
Package csquotes Info: ... configuration file loaded successfully.
 (/usr/share/texlive/texmf-dist/tex/latex/csquotes/csquotes.cfg
File: csquotes.cfg 
)) (/usr/share/texlive/texmf-dist/tex/latex/fixme/fixme.sty
Package: fixme 2019/01/03 v4.5 Collaborative annotations for LaTeX2e
 (/usr/share/texlive/texmf-dist/tex/latex/base/ifthen.sty
Package: ifthen 2022/04/13 v1.1d Standard LaTeX ifthen package (DPC)
) (/usr/share/texlive/texmf-dist/tex/latex/tools/verbatim.sty
Package: verbatim 2023-11-06 v1.5v LaTeX2e package for verbatim enhancements
\every@verbatim=\toks26
\verbatim@line=\toks27
\verbatim@in@stream=\read3
) (/usr/share/texlive/texmf-dist/tex/latex/xkeyval/xkeyval.sty
Package: xkeyval 2022/06/16 v2.9 package option processing (HA)
 (/usr/share/texlive/texmf-dist/tex/generic/xkeyval/xkeyval.tex (/usr/share/texlive/texmf-dist/tex/generic/xkeyval/xkvutils.tex
\XKV@toks=\toks28
\XKV@tempa@toks=\toks29
)
\XKV@depth=\count296
File: xkeyval.tex 2014/12/03 v2.7a key=value parser (HA)
))
\lox@file=\read4
\c@fixmecount=\count297
\c@fxnotecount=\count298
\c@fxwarningcount=\count299
\c@fxerrorcount=\count300
\c@fxfatalcount=\count301
) (/usr/share/texlive/texmf-dist/tex/generic/nth/nth.sty
Package: nth 2002/02/27
) (/usr/share/texlive/texmf-dist/tex/latex/amsfonts/amssymb.sty
Package: amssymb 2013/01/14 v3.01 AMS font symbols
 (/usr/share/texlive/texmf-dist/tex/latex/amsfonts/amsfonts.sty
Package: amsfonts 2013/01/14 v3.01 Basic AMSFonts support
\@emptytoks=\toks30
\symAMSa=\mathgroup6
\symAMSb=\mathgroup7
LaTeX Font Info:    Overwriting math alphabet `\mathfrak' in version `bold'
(Font)                  U/euf/m/n --> U/euf/b/n on input line 106.
)) (/usr/share/texlive/texmf-dist/tex/latex/amsmath/amsmath.sty
Package: amsmath 2023/05/13 v2.17o AMS math features
\@mathmargin=\skip62

For additional information on amsmath, use the `?' option.
(/usr/share/texlive/texmf-dist/tex/latex/amsmath/amstext.sty
Package: amstext 2021/08/26 v2.01 AMS text
 (/usr/share/texlive/texmf-dist/tex/latex/amsmath/amsgen.sty
File: amsgen.sty 1999/11/30 v2.0 generic functions
\@emptytoks=\toks31
\ex@=\dimen169
)) (/usr/share/texlive/texmf-dist/tex/latex/amsmath/amsbsy.sty
Package: amsbsy 1999/11/29 v1.2d Bold Symbols
\pmbraise@=\dimen170
) (/usr/share/texlive/texmf-dist/tex/latex/amsmath/amsopn.sty
Package: amsopn 2022/04/08 v2.04 operator names
)
\inf@bad=\count302
LaTeX Info: Redefining \frac on input line 234.
\uproot@=\count303
\leftroot@=\count304
LaTeX Info: Redefining \overline on input line 399.
LaTeX Info: Redefining \colon on input line 410.
\classnum@=\count305
\DOTSCASE@=\count306
LaTeX Info: Redefining \ldots on input line 496.
LaTeX Info: Redefining \dots on input line 499.
LaTeX Info: Redefining \cdots on input line 620.
\Mathstrutbox@=\box58
\strutbox@=\box59
LaTeX Info: Redefining \big on input line 722.
LaTeX Info: Redefining \Big on input line 723.
LaTeX Info: Redefining \bigg on input line 724.
LaTeX Info: Redefining \Bigg on input line 725.
\big@size=\dimen171
LaTeX Font Info:    Redeclaring font encoding OML on input line 743.
LaTeX Font Info:    Redeclaring font encoding OMS on input line 744.
\macc@depth=\count307
LaTeX Info: Redefining \bmod on input line 905.
LaTeX Info: Redefining \pmod on input line 910.
LaTeX Info: Redefining \smash on input line 940.
LaTeX Info: Redefining \relbar on input line 970.
LaTeX Info: Redefining \Relbar on input line 971.
\c@MaxMatrixCols=\count308
\dotsspace@=\muskip17
\c@parentequation=\count309
\dspbrk@lvl=\count310
\tag@help=\toks32
\row@=\count311
\column@=\count312
\maxfields@=\count313
\andhelp@=\toks33
\eqnshift@=\dimen172
\alignsep@=\dimen173
\tagshift@=\dimen174
\tagwidth@=\dimen175
\totwidth@=\dimen176
\lineht@=\dimen177
\@envbody=\toks34
\multlinegap=\skip63
\multlinetaggap=\skip64
\mathdisplay@stack=\toks35
LaTeX Info: Redefining \[ on input line 2953.
LaTeX Info: Redefining \] on input line 2954.
) (/usr/share/texlive/texmf-dist/tex/latex/cleveref/cleveref.sty
Package: cleveref 2018/03/27 v0.21.4 Intelligent cross-referencing
Package cleveref Info: `hyperref' support loaded on input line 2370.
LaTeX Info: Redefining \cref on input line 2370.
LaTeX Info: Redefining \Cref on input line 2370.
LaTeX Info: Redefining \crefrange on input line 2370.
LaTeX Info: Redefining \Crefrange on input line 2370.
LaTeX Info: Redefining \cpageref on input line 2370.
LaTeX Info: Redefining \Cpageref on input line 2370.
LaTeX Info: Redefining \cpagerefrange on input line 2370.
LaTeX Info: Redefining \Cpagerefrange on input line 2370.
LaTeX Info: Redefining \labelcref on input line 2370.
LaTeX Info: Redefining \labelcpageref on input line 2370.
) (/usr/share/texlive/texmf-dist/tex/latex/multirow/multirow.sty
Package: multirow 2021/03/15 v2.8 Span multiple rows of a table
\multirow@colwidth=\skip65
\multirow@cntb=\count314
\multirow@dima=\skip66
\bigstrutjot=\dimen178
) (/usr/share/texlive/texmf-dist/tex/latex/booktabs/booktabs.sty
Package: booktabs 2020/01/12 v1.61803398 Publication quality tables
\heavyrulewidth=\dimen179
\lightrulewidth=\dimen180
\cmidrulewidth=\dimen181
\belowrulesep=\dimen182
\belowbottomsep=\dimen183
\aboverulesep=\dimen184
\abovetopsep=\dimen185
\cmidrulesep=\dimen186
\cmidrulekern=\dimen187
\defaultaddspace=\dimen188
\@cmidla=\count315
\@cmidlb=\count316
\@aboverulesep=\dimen189
\@belowrulesep=\dimen190
\@thisruleclass=\count317
\@lastruleclass=\count318
\@thisrulewidth=\dimen191
) (/usr/share/texlive/texmf-dist/tex/latex/tools/tabularx.sty
Package: tabularx 2023/07/08 v2.11c `tabularx' package (DPC)
 (/usr/share/texlive/texmf-dist/tex/latex/tools/array.sty
Package: array 2023/10/16 v2.5g Tabular extension package (FMi)
\col@sep=\dimen192
\ar@mcellbox=\box60
\extrarowheight=\dimen193
\NC@list=\toks36
\extratabsurround=\skip67
\backup@length=\skip68
\ar@cellbox=\box61
)
\TX@col@width=\dimen194
\TX@old@table=\dimen195
\TX@old@col=\dimen196
\TX@target=\dimen197
\TX@delta=\dimen198
\TX@cols=\count319
\TX@ftn=\toks37
) (/usr/share/texlive/texmf-dist/tex/latex/amscls/amsthm.sty
Package: amsthm 2020/05/29 v2.20.6
\thm@style=\toks38
\thm@bodyfont=\toks39
\thm@headfont=\toks40
\thm@notefont=\toks41
\thm@headpunct=\toks42
\thm@preskip=\skip69
\thm@postskip=\skip70
\thm@headsep=\skip71
\dth@everypar=\toks43
) (/usr/share/texlive/texmf-dist/tex/latex/pdflscape/pdflscape.sty
Package: pdflscape 2022-10-27 v0.13 Display of landscape pages in PDF
 (/usr/share/texlive/texmf-dist/tex/latex/pdflscape/pdflscape-nometadata.sty
Package: pdflscape-nometadata 2022-10-28 v0.13 Display of landscape pages in PDF (HO)
 (/usr/share/texlive/texmf-dist/tex/latex/graphics/lscape.sty
Package: lscape 2020/05/28 v3.02 Landscape Pages (DPC)
)
Package pdflscape Info: Auto-detected driver: pdftex on input line 81.
)) (/usr/share/texlive/texmf-dist/tex/latex/graphics/rotating.sty
Package: rotating 2016/08/11 v2.16d rotated objects in LaTeX
\c@r@tfl@t=\count320
\rotFPtop=\skip72
\rotFPbot=\skip73
\rot@float@box=\box62
\rot@mess@toks=\toks44
) (/usr/share/texlive/texmf-dist/tex/latex/tools/longtable.sty
Package: longtable 2023-11-01 v4.19 Multi-page Table package (DPC)
\LTleft=\skip74
\LTright=\skip75
\LTpre=\skip76
\LTpost=\skip77
\LTchunksize=\count321
\LTcapwidth=\dimen199
\LT@head=\box63
\LT@firsthead=\box64
\LT@foot=\box65
\LT@lastfoot=\box66
\LT@gbox=\box67
\LT@cols=\count322
\LT@rows=\count323
\c@LT@tables=\count324
\c@LT@chunks=\count325
\LT@p@ftn=\toks45
) (/usr/share/texlive/texmf-dist/tex/latex/changepage/changepage.sty
Package: changepage 2009/10/20 v1.0c check page and change page layout
\c@cp@cntr=\count326
\cp@tempcnt=\count327
) (/usr/share/texlive/texmf-dist/tex/latex/caption/subcaption.sty
Package: subcaption 2023/07/28 v1.6b Sub-captions (AR)
Package caption Info: New subtype `subfigure' on input line 238.
\c@subfigure=\count328
Package caption Info: New subtype `subtable' on input line 238.
\c@subtable=\count329
) (/usr/share/texlive/texmf-dist/tex/latex/pdfpages/pdfpages.sty
Package: pdfpages 2024/01/21 v0.5y Insert pages of external PDF documents (AM)
 (/usr/share/texlive/texmf-dist/tex/latex/tools/calc.sty
Package: calc 2023/07/08 v4.3 Infix arithmetic (KKT,FJ)
\calc@Acount=\count330
\calc@Bcount=\count331
\calc@Adimen=\dimen256
\calc@Bdimen=\dimen257
\calc@Askip=\skip78
\calc@Bskip=\skip79
LaTeX Info: Redefining \setlength on input line 80.
LaTeX Info: Redefining \addtolength on input line 81.
\calc@Ccount=\count332
\calc@Cskip=\skip80
) (/usr/share/texlive/texmf-dist/tex/latex/eso-pic/eso-pic.sty
Package: eso-pic 2023/05/03 v3.0c eso-pic (RN)
\ESO@tempdima=\dimen258
\ESO@tempdimb=\dimen259
)
\AM@pagewidth=\dimen260
\AM@pageheight=\dimen261
\AM@fboxrule=\dimen262
 (/usr/share/texlive/texmf-dist/tex/latex/pdfpages/pppdftex.def
File: pppdftex.def 2024/01/21 v0.5y Pdfpages driver for pdfTeX (AM)
)
\pdfpages@includegraphics@status=\count333
\AM@pagebox=\box68
\AM@global@opts=\toks46
\AM@pagecnt=\count334
\AM@toc@title=\toks47
\AM@lof@heading=\toks48
\c@AM@survey=\count335
\AM@templatesizebox=\box69
) (/usr/share/texlive/texmf-dist/tex/latex/algorithm2e/algorithm2e.sty
Package: algorithm2e 2017/07/18 v5.2 algorithms environments
\c@AlgoLine=\count336
\algocf@hangindent=\skip81
 (/usr/share/texlive/texmf-dist/tex/latex/ifoddpage/ifoddpage.sty
Package: ifoddpage 2022/10/18 v1.2 Conditionals for odd/even page detection
\c@checkoddpage=\count337
LaTeX Info: Redefining \checkoddpage on input line 45.
) (/usr/share/texlive/texmf-dist/tex/latex/tools/xspace.sty
Package: xspace 2014/10/28 v1.13 Space after command names (DPC,MH)
) (/usr/share/texlive/texmf-dist/tex/latex/relsize/relsize.sty
Package: relsize 2013/03/29 ver 4.1
)
\skiptotal=\skip82
\skiplinenumber=\skip83
\skiprule=\skip84
\skiphlne=\skip85
\skiptext=\skip86
\skiplength=\skip87
\algomargin=\skip88
\skipalgocfslide=\skip89
\algowidth=\dimen263
\inoutsize=\dimen264
\inoutindent=\dimen265
\interspacetitleruled=\dimen266
\interspacealgoruled=\dimen267
\interspacetitleboxruled=\dimen268
\algocf@ruledwidth=\skip90
\algocf@inoutbox=\box70
\algocf@inputbox=\box71
\AlCapSkip=\skip91
\AlCapHSkip=\skip92
\algoskipindent=\skip93
\algocf@nlbox=\box72
\algocf@hangingbox=\box73
\algocf@untilbox=\box74
\algocf@skipuntil=\skip94
\algocf@capbox=\box75
\algocf@lcaptionbox=\skip95
\algoheightruledefault=\skip96
\algoheightrule=\skip97
\algotitleheightruledefault=\skip98
\algotitleheightrule=\skip99
\c@algocfline=\count338
\c@algocfproc=\count339
\c@algocf=\count340
\algocf@algoframe=\box76
\algocf@algobox=\box77
) (/usr/share/texlive/texmf-dist/tex/latex/physics/physics.sty
Package: physics 
 (/usr/share/texlive/texmf-dist/tex/latex/l3packages/xparse/xparse.sty (/usr/share/texlive/texmf-dist/tex/latex/l3kernel/expl3.sty
Package: expl3 2024-01-22 L3 programming layer (loader) 
 (/usr/share/texlive/texmf-dist/tex/latex/l3backend/l3backend-pdftex.def
File: l3backend-pdftex.def 2024-01-04 L3 backend support: PDF output (pdfTeX)
\l__color_backend_stack_int=\count341
\l__pdf_internal_box=\box78
))
Package: xparse 2023-10-10 L3 Experimental document command parser
)) (/usr/share/texlive/texmf-dist/tex/latex/makecell/makecell.sty
Package: makecell 2009/08/03 V0.1e Managing of Tab Column Heads and Cells
\rotheadsize=\dimen269
\c@nlinenum=\count342
\TeXr@lab=\toks49
) (/usr/share/texlive/texmf-dist/tex/latex/siunitx/siunitx.sty
Package: siunitx 2024-01-25 v3.3.10 A comprehensive (SI) units package
\l__siunitx_number_uncert_offset_int=\count343
\l__siunitx_number_exponent_fixed_int=\count344
\l__siunitx_number_min_decimal_int=\count345
\l__siunitx_number_min_integer_int=\count346
\l__siunitx_number_round_precision_int=\count347
\l__siunitx_number_lower_threshold_int=\count348
\l__siunitx_number_upper_threshold_int=\count349
\l__siunitx_number_group_first_int=\count350
\l__siunitx_number_group_size_int=\count351
\l__siunitx_number_group_minimum_int=\count352
\l__siunitx_angle_tmp_dim=\dimen270
\l__siunitx_angle_marker_box=\box79
\l__siunitx_angle_unit_box=\box80
\l__siunitx_compound_count_int=\count353
 (/usr/share/texlive/texmf-dist/tex/latex/translations/translations.sty
Package: translations 2022/02/05 v1.12 internationalization of LaTeX2e packages (CN)
)
\l__siunitx_table_tmp_box=\box81
\l__siunitx_table_tmp_dim=\dimen271
\l__siunitx_table_column_width_dim=\dimen272
\l__siunitx_table_integer_box=\box82
\l__siunitx_table_decimal_box=\box83
\l__siunitx_table_uncert_box=\box84
\l__siunitx_table_before_box=\box85
\l__siunitx_table_after_box=\box86
\l__siunitx_table_before_dim=\dimen273
\l__siunitx_table_carry_dim=\dimen274
\l__siunitx_unit_tmp_int=\count354
\l__siunitx_unit_position_int=\count355
\l__siunitx_unit_total_int=\count356
) (/usr/share/texlive/texmf-dist/tex/latex/lipsum/lipsum.sty (/usr/share/texlive/texmf-dist/tex/latex/l3packages/l3keys2e/l3keys2e.sty
Package: l3keys2e 2023-10-10 LaTeX2e option processing using LaTeX3 keys
)
Package: lipsum 2021-09-20 v2.7 150 paragraphs of Lorem Ipsum dummy text
\g__lipsum_par_int=\count357
\l__lipsum_a_int=\count358
\l__lipsum_b_int=\count359
 (/usr/share/texlive/texmf-dist/tex/latex/lipsum/lipsum.ltd.tex)) (/usr/share/texlive/texmf-dist/tex/latex/listings/listings.sty
\lst@mode=\count360
\lst@gtempboxa=\box87
\lst@token=\toks50
\lst@length=\count361
\lst@currlwidth=\dimen275
\lst@column=\count362
\lst@pos=\count363
\lst@lostspace=\dimen276
\lst@width=\dimen277
\lst@newlines=\count364
\lst@lineno=\count365
\lst@maxwidth=\dimen278
 (/usr/share/texlive/texmf-dist/tex/latex/listings/lstmisc.sty
File: lstmisc.sty 2023/02/27 1.9 (Carsten Heinz)
\c@lstnumber=\count366
\lst@skipnumbers=\count367
\lst@framebox=\box88
) (/usr/share/texlive/texmf-dist/tex/latex/listings/listings.cfg
File: listings.cfg 2023/02/27 1.9 listings configuration
))
Package: listings 2023/02/27 1.9 (Carsten Heinz)
 (/usr/share/texlive/texmf-dist/tex/latex/listings/lstlang1.sty
File: lstlang1.sty 2023/02/27 1.9 listings language file
) (/usr/share/texlive/texmf-dist/tex/latex/listings/lstmisc.sty
File: lstmisc.sty 2023/02/27 1.9 (Carsten Heinz)
)
\c@definition=\count368
 (/usr/share/texlive/texmf-dist/tex/latex/fixme/themes/fxthemecolor.sty
Package: fxthemecolor 
 (/usr/share/texlive/texmf-dist/tex/latex/fixme/layouts/env/fxenvlayoutcolor.sty
Package: fxenvlayoutcolor 
) (/usr/share/texlive/texmf-dist/tex/latex/fixme/layouts/target/fxtargetlayoutcolor.sty
Package: fxtargetlayoutcolor 
))
Package hyperref Info: Option `colorlinks' set `true' on input line 139.
\templena=\skip100
\templenb=\skip101
Package csquotes Info: Checking for multilingual support...
Package csquotes Info: ... found 'babel' package.
Package csquotes Info: Adjusting default style.
Package csquotes Info: Redefining alias 'default' -> 'english'.
LaTeX Font Info:    Trying to load font information for T1+ptm on input line 175.
 (/usr/share/texlive/texmf-dist/tex/latex/psnfss/t1ptm.fd
File: t1ptm.fd 2001/06/04 font definitions for T1/ptm.
) (./main.aux (./mymacros.aux) (./dedicate.aux) (./abstract.aux) (./acknows.aux) (./quote.aux) (./abbrevs.aux) (./chapter1.aux) (./chapter2.aux) (./chapter3.aux) (./chapter4-old.aux) (./chapter4-new.aux

LaTeX Warning: Label `chap4' multiply defined.


LaTeX Warning: Label `chap4@cref' multiply defined.


LaTeX Warning: Label `sec:chp4-intro' multiply defined.


LaTeX Warning: Label `sec:chp4-intro@cref' multiply defined.


LaTeX Warning: Label `chp4-rlt-work' multiply defined.


LaTeX Warning: Label `chp4-rlt-work@cref' multiply defined.


LaTeX Warning: Label `fig:trip-filter' multiply defined.


LaTeX Warning: Label `fig:trip-filter@cref' multiply defined.


LaTeX Warning: Label `tab:trips' multiply defined.


LaTeX Warning: Label `tab:trips@cref' multiply defined.


LaTeX Warning: Label `fig:point-bearing' multiply defined.


LaTeX Warning: Label `fig:point-bearing@cref' multiply defined.


LaTeX Warning: Label `eq_spd' multiply defined.


LaTeX Warning: Label `eq_spd@cref' multiply defined.


LaTeX Warning: Label `eq_acc' multiply defined.


LaTeX Warning: Label `eq_acc@cref' multiply defined.


LaTeX Warning: Label `eq_jk' multiply defined.


LaTeX Warning: Label `eq_jk@cref' multiply defined.


LaTeX Warning: Label `eq_br' multiply defined.


LaTeX Warning: Label `eq_br@cref' multiply defined.


LaTeX Warning: Label `geo_br1' multiply defined.


LaTeX Warning: Label `geo_br1@cref' multiply defined.


LaTeX Warning: Label `geo_br3' multiply defined.


LaTeX Warning: Label `geo_br3@cref' multiply defined.


LaTeX Warning: Label `geo_br4' multiply defined.


LaTeX Warning: Label `geo_br4@cref' multiply defined.


LaTeX Warning: Label `fig:time-freq-dom' multiply defined.


LaTeX Warning: Label `fig:time-freq-dom@cref' multiply defined.


LaTeX Warning: Label `chp4-sec4' multiply defined.


LaTeX Warning: Label `chp4-sec4@cref' multiply defined.


LaTeX Warning: Label `tab:confusion_matrix' multiply defined.


LaTeX Warning: Label `tab:confusion_matrix@cref' multiply defined.


LaTeX Warning: Label `eq_accuracy' multiply defined.


LaTeX Warning: Label `eq_accuracy@cref' multiply defined.


LaTeX Warning: Label `eq_precisin' multiply defined.


LaTeX Warning: Label `eq_precisin@cref' multiply defined.


LaTeX Warning: Label `eq_recall' multiply defined.


LaTeX Warning: Label `eq_recall@cref' multiply defined.


LaTeX Warning: Label `eq_f1' multiply defined.


LaTeX Warning: Label `eq_f1@cref' multiply defined.


LaTeX Warning: Label `fig:roc-curve' multiply defined.


LaTeX Warning: Label `fig:roc-curve@cref' multiply defined.


LaTeX Warning: Label `chp4-sec5' multiply defined.


LaTeX Warning: Label `chp4-sec5@cref' multiply defined.


LaTeX Warning: Label `shaply_values' multiply defined.


LaTeX Warning: Label `shaply_values@cref' multiply defined.


LaTeX Warning: Label `shap_value_eqn' multiply defined.


LaTeX Warning: Label `shap_value_eqn@cref' multiply defined.


LaTeX Warning: Label `subspace_alg' multiply defined.


LaTeX Warning: Label `subspace_alg@cref' multiply defined.


LaTeX Warning: Label `fig:subspace' multiply defined.


LaTeX Warning: Label `fig:subspace@cref' multiply defined.

) (./chapter5.aux) (./chapter6.aux) (./chapter7.aux) (./appendix1.aux) (./appendix2.aux))
\openout1 = `main.aux'.

LaTeX Font Info:    Checking defaults for OML/cmm/m/it on input line 175.
LaTeX Font Info:    ... okay on input line 175.
LaTeX Font Info:    Checking defaults for OMS/cmsy/m/n on input line 175.
LaTeX Font Info:    ... okay on input line 175.
LaTeX Font Info:    Checking defaults for OT1/cmr/m/n on input line 175.
LaTeX Font Info:    ... okay on input line 175.
LaTeX Font Info:    Checking defaults for T1/cmr/m/n on input line 175.
LaTeX Font Info:    ... okay on input line 175.
LaTeX Font Info:    Checking defaults for TS1/cmr/m/n on input line 175.
LaTeX Font Info:    ... okay on input line 175.
LaTeX Font Info:    Checking defaults for OMX/cmex/m/n on input line 175.
LaTeX Font Info:    ... okay on input line 175.
LaTeX Font Info:    Checking defaults for U/cmr/m/n on input line 175.
LaTeX Font Info:    ... okay on input line 175.
LaTeX Font Info:    Checking defaults for PD1/pdf/m/n on input line 175.
LaTeX Font Info:    ... okay on input line 175.
LaTeX Font Info:    Checking defaults for PU/pdf/m/n on input line 175.
LaTeX Font Info:    ... okay on input line 175.

*geometry* driver: auto-detecting
*geometry* detected driver: pdftex
*geometry* verbose mode - [ preamble ] result:
* driver: pdftex
* paper: a4paper
* layout: <same size as paper>
* layoutoffset:(h,v)=(0.0pt,0.0pt)
* modes: includehead includefoot 
* h-part:(L,W,R)=(99.58464pt, 426.79135pt, 71.13188pt)
* v-part:(T,H,B)=(56.9055pt, 731.23584pt, 56.9055pt)
* \paperwidth=597.50787pt
* \paperheight=845.04684pt
* \textwidth=426.79135pt
* \textheight=661.23584pt
* \oddsidemargin=27.31465pt
* \evensidemargin=27.31465pt
* \topmargin=-15.36449pt
* \headheight=15.5pt
* \headsep=25.0pt
* \topskip=11.0pt
* \footskip=30.0pt
* \marginparwidth=50.0pt
* \marginparsep=10.0pt
* \columnsep=10.0pt
* \skip\footins=10.0pt plus 4.0pt minus 2.0pt
* \hoffset=0.0pt
* \voffset=0.0pt
* \mag=1000
* \@twocolumnfalse
* \@twosidefalse
* \@mparswitchfalse
* \@reversemarginfalse
* (1in=72.27pt=25.4mm, 1cm=28.453pt)

(/usr/share/texlive/texmf-dist/tex/context/base/mkii/supp-pdf.mkii
[Loading MPS to PDF converter (version 2006.09.02).]
\scratchcounter=\count369
\scratchdimen=\dimen279
\scratchbox=\box89
\nofMPsegments=\count370
\nofMParguments=\count371
\everyMPshowfont=\toks51
\MPscratchCnt=\count372
\MPscratchDim=\dimen280
\MPnumerator=\count373
\makeMPintoPDFobject=\count374
\everyMPtoPDFconversion=\toks52
) (/usr/share/texlive/texmf-dist/tex/latex/epstopdf-pkg/epstopdf-base.sty
Package: epstopdf-base 2020-01-24 v2.11 Base part for package epstopdf
Package epstopdf-base Info: Redefining graphics rule for `.eps' on input line 485.
 (/usr/share/texlive/texmf-dist/tex/latex/latexconfig/epstopdf-sys.cfg
File: epstopdf-sys.cfg 2010/07/13 v1.3 Configuration of (r)epstopdf for TeX Live
))
Package caption Info: Begin \AtBeginDocument code.
Package caption Info: changepage package is loaded.
\caption@adjustwidth@hsize=\dimen281
\caption@adjustwidth@linewidth=\dimen282
Package caption Info: float package is loaded.
Package caption Info: hyperref package is loaded.
Package caption Info: listings package is loaded.
Package caption Info: longtable package is loaded.
 (/usr/share/texlive/texmf-dist/tex/latex/caption/ltcaption.sty
Package: ltcaption 2021/01/08 v1.4c longtable captions (AR)
)
Package caption Info: rotating package is loaded.
Package caption Info: End \AtBeginDocument code.
Package hyperref Info: Link coloring ON on input line 175.
 (./main.out) (./main.out)
\@outlinefile=\write3
\openout3 = `main.out'.



Package siunitx Warning: Detected the "physics" package:
(siunitx)                omitting definition of \qty.
(siunitx)                
(siunitx)                If you want to use \qty with the siunitx definition,
(siunitx)                add 
(siunitx)                
(siunitx)                    \AtBeginDocument{\RenewCommandCopy\qty\SI}
(siunitx)                
(siunitx)                to your preamble.

(/usr/share/texlive/texmf-dist/tex/latex/translations/translations-basic-dictionary-english.trsl
File: translations-basic-dictionary-english.trsl (english translation file `translations-basic-dictionary')
)
Package translations Info: loading dictionary `translations-basic-dictionary' for `english'. on input line 175.
\c@lstlisting=\count375
\openout2 = `mymacros.aux'.

 (./mymacros.tex)
\@crestbox=\box90
<figures/uporto-feup.pdf, id=526, 338.26375pt x 126.4725pt>
File: figures/uporto-feup.pdf Graphic file (type pdf)
<use figures/uporto-feup.pdf>
Package pdftex.def Info: figures/uporto-feup.pdf  used on input line 228.
(pdftex.def)             Requested size: 204.85983pt x 76.59618pt.
<figures/combined-logos.pdf, id=527, 517.0316pt x 162.27527pt>
File: figures/combined-logos.pdf Graphic file (type pdf)
<use figures/combined-logos.pdf>
Package pdftex.def Info: figures/combined-logos.pdf  used on input line 228.
(pdftex.def)             Requested size: 341.44702pt x 85.35672pt.
 [-3





{/var/lib/texmf/fonts/map/pdftex/updmap/pdftex.map}{/usr/share/texlive/texmf-dist/fonts/enc/dvips/base/8r.enc} <./figures/uporto-feup.pdf> <./figures/combined-logos.pdf>]
LaTeX Font Info:    Trying to load font information for TS1+ptm on input line 228.
 (/usr/share/texlive/texmf-dist/tex/latex/psnfss/ts1ptm.fd
File: ts1ptm.fd 2001/06/04 font definitions for TS1/ptm.
) [-2

] [-1


]
\openout2 = `dedicate.aux'.

 (./dedicate.tex) [1


]
pdfTeX warning (ext4): destination with the same identifier (name{page.i}) has been already used, duplicate ignored
<to be read again> 
                   \relax 
l.231   \include{abstract}
                           % the abstract [1



]
\openout2 = `abstract.aux'.

 (./abstract.tex [2

]) [3

]
\openout2 = `acknows.aux'.

 (./acknows.tex
Underfull \hbox (badness 10000) in paragraph at lines 7--8

 []


Underfull \hbox (badness 10000) in paragraph at lines 11--13

 []


Underfull \hbox (badness 10000) in paragraph at lines 16--18

 []


Underfull \hbox (badness 10000) in paragraph at lines 19--21

 []


Underfull \hbox (badness 10000) in paragraph at lines 24--26

 []


Underfull \hbox (badness 10000) in paragraph at lines 30--32

 []

) [4




]
\openout2 = `quote.aux'.

 (./quote.tex) [5




] (./main.toc
LaTeX Font Info:    Trying to load font information for OT1+ztmcm on input line 6.
 (/usr/share/texlive/texmf-dist/tex/latex/psnfss/ot1ztmcm.fd
File: ot1ztmcm.fd 2000/01/03 Fontinst v1.801 font definitions for OT1/ztmcm.
)
LaTeX Font Info:    Trying to load font information for OML+ztmcm on input line 6.
 (/usr/share/texlive/texmf-dist/tex/latex/psnfss/omlztmcm.fd
File: omlztmcm.fd 2000/01/03 Fontinst v1.801 font definitions for OML/ztmcm.
)
LaTeX Font Info:    Trying to load font information for OMS+ztmcm on input line 6.
 (/usr/share/texlive/texmf-dist/tex/latex/psnfss/omsztmcm.fd
File: omsztmcm.fd 2000/01/03 Fontinst v1.801 font definitions for OMS/ztmcm.
)
LaTeX Font Info:    Trying to load font information for OMX+ztmcm on input line 6.
 (/usr/share/texlive/texmf-dist/tex/latex/psnfss/omxztmcm.fd
File: omxztmcm.fd 2000/01/03 Fontinst v1.801 font definitions for OMX/ztmcm.
)
LaTeX Font Info:    Trying to load font information for OT1+ptm on input line 6.
 (/usr/share/texlive/texmf-dist/tex/latex/psnfss/ot1ptm.fd
File: ot1ptm.fd 2001/06/04 font definitions for OT1/ptm.
)
LaTeX Font Info:    Font shape `OT1/ptm/bx/n' in size <10.95> not available
(Font)              Font shape `OT1/ptm/b/n' tried instead on input line 6.
LaTeX Font Info:    Font shape `OT1/ptm/bx/n' in size <8> not available
(Font)              Font shape `OT1/ptm/b/n' tried instead on input line 6.
LaTeX Font Info:    Font shape `OT1/ptm/bx/n' in size <6> not available
(Font)              Font shape `OT1/ptm/b/n' tried instead on input line 6.
 [6




] [7] [8])
\tf@toc=\write4
\openout4 = `main.toc'.

 [9] [10

] (./main.lof [11


])
\tf@lof=\write5
\openout5 = `main.lof'.

 [12] [13

] (./main.lot)
\tf@lot=\write6
\openout6 = `main.lot'.

 [14


] [15

]
\openout2 = `abbrevs.aux'.

 (./abbrevs.tex) [16


]
\openout2 = `chapter1.aux'.

 (./chapter1.tex
Chapter 1.
[1





] [2]
Overfull \hbox (2.24655pt too wide) in paragraph at lines 41--42
\T1/ptm/m/n/10.95 This re-search makes sig-nif-i-cant con-tri-bu-tions to the field of Trans-porta-tion Mode De-tec-tion (TMD),
 []


Overfull \hbox (5.99239pt too wide) in paragraph at lines 43--44
[]\T1/ptm/m/n/10.95 We pro-posed a novel class-subspace fea-ture se-lec-tion method for TMD. This method uniquely
 []

[3]
Underfull \hbox (badness 10000) in paragraph at lines 85--86

 []


Underfull \hbox (badness 10000) in paragraph at lines 87--91

 []


Underfull \hbox (badness 10000) in paragraph at lines 93--97

 []

[4]
Underfull \hbox (badness 10000) in paragraph at lines 98--101

 []


Underfull \hbox (badness 10000) in paragraph at lines 102--105

 []


Underfull \hbox (badness 10000) in paragraph at lines 106--109

 []

[5]) [6]
\openout2 = `chapter2.aux'.

 (./chapter2.tex
Chapter 2.
<figures/mobile-phone-data.png, id=976, 1556.81625pt x 581.17125pt>
File: figures/mobile-phone-data.png Graphic file (type png)
<use figures/mobile-phone-data.png>
Package pdftex.def Info: figures/mobile-phone-data.png  used on input line 15.
(pdftex.def)             Requested size: 341.43437pt x 127.459pt.
[7




]
<figures/shl-dataset.png, id=1000, 944.52875pt x 735.74875pt>
File: figures/shl-dataset.png Graphic file (type png)
<use figures/shl-dataset.png>
Package pdftex.def Info: figures/shl-dataset.png  used on input line 45.
(pdftex.def)             Requested size: 204.85802pt x 159.575pt.
<figures/captimove-dataset.png, id=1001, 944.52875pt x 735.74875pt>
File: figures/captimove-dataset.png Graphic file (type png)
<use figures/captimove-dataset.png>
Package pdftex.def Info: figures/captimove-dataset.png  used on input line 53.
(pdftex.def)             Requested size: 204.85802pt x 159.575pt.
 [8 <./figures/mobile-phone-data.png>] [9 <./figures/shl-dataset.png> <./figures/captimove-dataset.png>] [10]
<figures/trajectory.png, id=1065, 1371.1225pt x 281.05pt>
File: figures/trajectory.png Graphic file (type png)
<use figures/trajectory.png>
Package pdftex.def Info: figures/trajectory.png  used on input line 102.
(pdftex.def)             Requested size: 362.77525pt x 74.36209pt.
 [11 <./figures/trajectory.png>] [12] [13]
Overfull \hbox (5.47629pt too wide) in paragraph at lines 149--150
\T1/ptm/m/n/10.95 Most ma-chine learn-ing meth-ods ap-plied to TMD are rooted in su-per-vised learn-ing. In this paradigm,
 []

[14] [15]
Overfull \hbox (10.27821pt too wide) in paragraph at lines 184--185
[]$\OML/ztmcm/m/it/10.95 P\OT1/ztmcm/m/n/10.95 (\OML/ztmcm/m/it/10.95 Y \OT1/ztmcm/m/n/10.95 = 1 \OMS/ztmcm/m/n/10.95 j \OML/ztmcm/m/it/10.95 X\OT1/ztmcm/m/n/10.95 )$ \T1/ptm/m/n/10.95 is the prob-a-bil-ity of the pos-i-tive class given the in-put fea-tures $\OML/ztmcm/m/it/10.95 X \OT1/ztmcm/m/n/10.95 = (\OML/ztmcm/m/it/10.95 X[]; X[]; [] ; X[]\OT1/ztmcm/m/n/10.95 )$\T1/ptm/m/n/10.95 , 
 []

[16] [17] [18] [19]
Overfull \hbox (9.11078pt too wide) in paragraph at lines 321--321
 []|\T1/ptm/m/n/10 Granularity| 
 []


Overfull \hbox (5.42686pt too wide) in paragraph at lines 321--321
 []|\T1/ptm/m/n/10 External 
 []


Overfull \hbox (9.70705pt too wide) in paragraph at lines 321--322
 []|\T1/ptm/m/n/10 Accuracy 
 []


Overfull \hbox (82.49829pt too wide) in alignment at lines 318--323
 [] [] [] [] [] [] [] [] [] [] [] 
 []


Overfull \hbox (9.11078pt too wide) in paragraph at lines 325--325
 []|\T1/ptm/m/n/10 Granularity| 
 []


Overfull \hbox (5.42686pt too wide) in paragraph at lines 325--325
 []|\T1/ptm/m/n/10 External 
 []


Overfull \hbox (9.70705pt too wide) in paragraph at lines 325--326
 []|\T1/ptm/m/n/10 Accuracy 
 []


Overfull \hbox (82.49829pt too wide) in alignment at lines 323--327
 [] [] [] [] [] [] [] [] [] [] [] 
 []


Overfull \hbox (82.49829pt too wide) in alignment at lines 327--329
 [] [] [] [] [] [] [] [] [] [] [] 
 []

LaTeX Font Info:    Font shape `OT1/ptm/bx/n' in size <10> not available
(Font)              Font shape `OT1/ptm/b/n' tried instead on input line 357.
LaTeX Font Info:    Font shape `OT1/ptm/bx/n' in size <7.4> not available
(Font)              Font shape `OT1/ptm/b/n' tried instead on input line 357.
LaTeX Font Info:    Font shape `OT1/ptm/bx/n' in size <9> not available
(Font)              Font shape `OT1/ptm/b/n' tried instead on input line 370.
LaTeX Font Info:    Font shape `OT1/ptm/bx/n' in size <7> not available
(Font)              Font shape `OT1/ptm/b/n' tried instead on input line 370.
LaTeX Font Info:    Font shape `OT1/ptm/bx/n' in size <5> not available
(Font)              Font shape `OT1/ptm/b/n' tried instead on input line 370.

Overfull \hbox (82.49829pt too wide) in alignment at lines 329--381
 [] [] [] [] [] [] [] [] [] [] [] 
 []

[20

] [21]) [22

]
\openout2 = `chapter3.aux'.

 (./chapter3.tex
Chapter 3.
<figures/sensemyfeup.jpeg, id=1348, 722.7pt x 1284.8pt>
File: figures/sensemyfeup.jpeg Graphic file (type jpg)
<use figures/sensemyfeup.jpeg>
Package pdftex.def Info: figures/sensemyfeup.jpeg  used on input line 20.
(pdftex.def)             Requested size: 144.53743pt x 256.95544pt.
[23




]
<figures/smf2016-trips-per-user.pdf, id=1362, 722.7pt x 433.62pt>
File: figures/smf2016-trips-per-user.pdf Graphic file (type pdf)
<use figures/smf2016-trips-per-user.pdf>
Package pdftex.def Info: figures/smf2016-trips-per-user.pdf  used on input line 64.
(pdftex.def)             Requested size: 204.85802pt x 122.91472pt.
<figures/geolife-trips-per-user.pdf, id=1363, 867.24pt x 433.62pt>
File: figures/geolife-trips-per-user.pdf Graphic file (type pdf)
<use figures/geolife-trips-per-user.pdf>
Package pdftex.def Info: figures/geolife-trips-per-user.pdf  used on input line 71.
(pdftex.def)             Requested size: 204.85802pt x 102.42342pt.
 [24 <./figures/sensemyfeup.jpeg>] [25 <./figures/smf2016-trips-per-user.pdf> <./figures/geolife-trips-per-user.pdf>]
<figures/trips-subplots.pdf, id=1448, 722.7pt x 289.08pt>
File: figures/trips-subplots.pdf Graphic file (type pdf)
<use figures/trips-subplots.pdf>
Package pdftex.def Info: figures/trips-subplots.pdf  used on input line 136.
(pdftex.def)             Requested size: 426.79135pt x 170.71892pt.
 [26]
<figures/point-bearing.pdf, id=1458, 721.69624pt x 372.39125pt>
File: figures/point-bearing.pdf Graphic file (type pdf)
<use figures/point-bearing.pdf>
Package pdftex.def Info: figures/point-bearing.pdf  used on input line 151.
(pdftex.def)             Requested size: 320.0935pt x 165.16524pt.
 [27 <./figures/trips-subplots.pdf>]
<figures/smf2016-speed.pdf, id=1478, 722.7pt x 433.62pt>
File: figures/smf2016-speed.pdf Graphic file (type pdf)
<use figures/smf2016-speed.pdf>
Package pdftex.def Info: figures/smf2016-speed.pdf  used on input line 169.
(pdftex.def)             Requested size: 204.85802pt x 122.91472pt.
<figures/geolife-speed.pdf, id=1479, 722.7pt x 433.62pt>
File: figures/geolife-speed.pdf Graphic file (type pdf)
<use figures/geolife-speed.pdf>
Package pdftex.def Info: figures/geolife-speed.pdf  used on input line 176.
(pdftex.def)             Requested size: 204.85802pt x 122.91472pt.

Underfull \hbox (badness 1292) in paragraph at lines 177--177
[]\T1/ptm/m/n/10.95 Figure 3.7: |Ge-o-life speed dis-tri-bu-tion per
 []

[28 <./figures/point-bearing.pdf> <./figures/smf2016-speed.pdf> <./figures/geolife-speed.pdf>]
<figures/concept.pdf, id=1612, 637.42137pt x 232.9503pt>
File: figures/concept.pdf Graphic file (type pdf)
<use figures/concept.pdf>
Package pdftex.def Info: figures/concept.pdf  used on input line 262.
(pdftex.def)             Requested size: 426.79776pt x 227.63214pt.
 [29] [30 <./figures/concept.pdf>] [31] [32] [33] [34] [35]) [36] [37]
\openout2 = `chapter4-old.aux'.

 (./chapter4-old.tex
Chapter 4.
[38




] [39]
Overfull \hbox (22.8801pt too wide) in paragraph at lines 50--179
 [][] 
 []

<figures/instance-distribution.pdf, id=1935, 1000.51225pt x 483.18202pt>
File: figures/instance-distribution.pdf Graphic file (type pdf)
<use figures/instance-distribution.pdf>
Package pdftex.def Info: figures/instance-distribution.pdf  used on input line 186.
(pdftex.def)             Requested size: 426.79135pt x 206.11272pt.
[40] [41]
<figures/instance-time-fft.pdf, id=1954, 875.67104pt x 1020.21103pt>
File: figures/instance-time-fft.pdf Graphic file (type pdf)
<use figures/instance-time-fft.pdf>
Package pdftex.def Info: figures/instance-time-fft.pdf  used on input line 202.
(pdftex.def)             Requested size: 262.70334pt x 306.06567pt.
 [42 <./figures/instance-distribution.pdf>] [43 <./figures/instance-time-fft.pdf>] [44]
<figures/roc_curve.png, id=1999, 722.7pt x 433.62pt>
File: figures/roc_curve.png Graphic file (type png)
<use figures/roc_curve.png>
Package pdftex.def Info: figures/roc_curve.png  used on input line 264.
(pdftex.def)             Requested size: 341.43437pt x 204.86006pt.
 [45 <./figures/roc_curve.png>] [46]
<figures/subspace-illustration.pdf, id=2024, 817.50218pt x 296.56197pt>
File: figures/subspace-illustration.pdf Graphic file (type pdf)
<use figures/subspace-illustration.pdf>
Package pdftex.def Info: figures/subspace-illustration.pdf  used on input line 293.
(pdftex.def)             Requested size: 426.79135pt x 154.824pt.
 [47 <./figures/subspace-illustration.pdf>]
LaTeX Font Info:    Trying to load font information for T1+pcrs on input line 321.
 (/usr/share/texlive/texmf-dist/tex/latex/courier-scaled/t1pcrs.fd
File: t1pcrs.fd 2004/07/09 scalable font definitions for T1/pcrs.
)
LaTeX Font Info:    Font shape `T1/pcrs/m/n' will be
(Font)              scaled to size 10.40245pt on input line 321.

Overfull \hbox (4.13904pt too wide) in paragraph at lines 388--388
[]|\T1/ptm/m/n/10.95 SVC| 
 []


Overfull \hbox (5.95677pt too wide) in paragraph at lines 388--388
[]|\T1/ptm/m/n/10.95 XGB| 
 []


Overfull \hbox (4.13904pt too wide) in paragraph at lines 388--388
[]|\T1/ptm/m/n/10.95 SVC| 
 []


Overfull \hbox (5.95677pt too wide) in paragraph at lines 388--388
[]|\T1/ptm/m/n/10.95 XGB| 
 []


Overfull \hbox (4.13904pt too wide) in paragraph at lines 388--388
[]|\T1/ptm/m/n/10.95 SVC| 
 []


Overfull \hbox (5.95677pt too wide) in paragraph at lines 388--388
[]|\T1/ptm/m/n/10.95 XGB| 
 []


Overfull \hbox (2.00397pt too wide) in paragraph at lines 388--388
[]|\T1/ptm/m/n/10.95 0.60| 
 []


Overfull \hbox (2.00397pt too wide) in paragraph at lines 388--388
[]|\T1/ptm/m/n/10.95 0.57| 
 []


Overfull \hbox (2.00397pt too wide) in paragraph at lines 388--388
[]|\T1/ptm/m/n/10.95 0.59| 
 []


Overfull \hbox (2.00397pt too wide) in paragraph at lines 388--388
[]|\T1/ptm/m/n/10.95 0.61| 
 []


Overfull \hbox (2.00397pt too wide) in paragraph at lines 388--388
[]|\T1/ptm/m/n/10.95 0.93| 
 []


Overfull \hbox (2.00397pt too wide) in paragraph at lines 388--388
[]|\T1/ptm/m/n/10.95 0.94| 
 []


Overfull \hbox (2.00397pt too wide) in paragraph at lines 388--388
[]|\T1/ptm/m/n/10.95 0.73| 
 []


Overfull \hbox (2.00397pt too wide) in paragraph at lines 388--388
[]|\T1/ptm/m/n/10.95 0.93| 
 []


Overfull \hbox (2.00397pt too wide) in paragraph at lines 388--388
[]|\T1/ptm/m/n/10.95 0.73| 
 []


Overfull \hbox (2.00397pt too wide) in paragraph at lines 388--388
[]|\T1/ptm/m/n/10.95 0.71| 
 []


Overfull \hbox (2.00397pt too wide) in paragraph at lines 388--388
[]|\T1/ptm/m/n/10.95 0.65| 
 []


Overfull \hbox (2.00397pt too wide) in paragraph at lines 388--388
[]|\T1/ptm/m/n/10.95 0.73| 
 []


Overfull \hbox (2.00397pt too wide) in paragraph at lines 388--388
[]|\T1/ptm/m/n/10.95 0.97| 
 []


Overfull \hbox (2.00397pt too wide) in paragraph at lines 388--388
[]|\T1/ptm/m/n/10.95 0.02| 
 []


Overfull \hbox (2.00397pt too wide) in paragraph at lines 388--388
[]|\T1/ptm/m/n/10.95 0.39| 
 []


Overfull \hbox (2.00397pt too wide) in paragraph at lines 388--388
[]|\T1/ptm/m/n/10.95 0.88| 
 []


Overfull \hbox (2.00397pt too wide) in paragraph at lines 388--388
[]|\T1/ptm/m/n/10.95 0.22| 
 []


Overfull \hbox (2.00397pt too wide) in paragraph at lines 388--388
[]|\T1/ptm/m/n/10.95 0.03| 
 []


Overfull \hbox (2.00397pt too wide) in paragraph at lines 388--388
[]|\T1/ptm/m/n/10.95 0.23| 
 []


Overfull \hbox (2.00397pt too wide) in paragraph at lines 388--388
[]|\T1/ptm/m/n/10.95 0.36| 
 []


Overfull \hbox (2.00397pt too wide) in paragraph at lines 388--388
[]|\T1/ptm/m/n/10.95 0.36| 
 []


Overfull \hbox (2.00397pt too wide) in paragraph at lines 388--388
[]|\T1/ptm/m/n/10.95 0.02| 
 []


Overfull \hbox (2.00397pt too wide) in paragraph at lines 388--388
[]|\T1/ptm/m/n/10.95 0.28| 
 []


Overfull \hbox (2.00397pt too wide) in paragraph at lines 388--388
[]|\T1/ptm/m/n/10.95 0.51| 
 []


Overfull \hbox (2.00397pt too wide) in paragraph at lines 388--388
[]|\T1/ptm/m/n/10.95 0.13| 
 []


Overfull \hbox (2.00397pt too wide) in paragraph at lines 388--388
[]|\T1/ptm/m/n/10.95 0.16| 
 []


Overfull \hbox (2.00397pt too wide) in paragraph at lines 388--388
[]|\T1/ptm/m/n/10.95 0.18| 
 []


Overfull \hbox (2.00397pt too wide) in paragraph at lines 388--388
[]|\T1/ptm/m/n/10.95 0.18| 
 []


Overfull \hbox (2.00397pt too wide) in paragraph at lines 388--388
[]|\T1/ptm/m/n/10.95 0.06| 
 []


Overfull \hbox (2.00397pt too wide) in paragraph at lines 388--388
[]|\T1/ptm/m/n/10.95 0.07| 
 []


Overfull \hbox (2.00397pt too wide) in paragraph at lines 388--388
[]|\T1/ptm/m/n/10.95 0.19| 
 []


Overfull \hbox (2.00397pt too wide) in paragraph at lines 388--388
[]|\T1/ptm/m/n/10.95 0.11| 
 []


Overfull \hbox (2.00397pt too wide) in paragraph at lines 388--388
[]|\T1/ptm/m/n/10.95 0.08| 
 []


Overfull \hbox (2.00397pt too wide) in paragraph at lines 388--388
[]|\T1/ptm/m/n/10.95 0.10| 
 []


Overfull \hbox (2.00397pt too wide) in paragraph at lines 388--388
[]|\T1/ptm/m/n/10.95 0.18| 
 []


Overfull \hbox (2.00397pt too wide) in paragraph at lines 388--388
[]|\T1/ptm/m/n/10.95 0.14| 
 []


Overfull \hbox (2.00397pt too wide) in paragraph at lines 388--388
[]|\T1/ptm/m/n/10.95 0.74| 
 []


Overfull \hbox (2.00397pt too wide) in paragraph at lines 388--388
[]|\T1/ptm/m/n/10.95 0.73| 
 []


Overfull \hbox (2.00397pt too wide) in paragraph at lines 388--388
[]|\T1/ptm/m/n/10.95 0.71| 
 []


Overfull \hbox (2.00397pt too wide) in paragraph at lines 388--388
[]|\T1/ptm/m/n/10.95 0.75| 
 []


Overfull \hbox (2.00397pt too wide) in paragraph at lines 388--388
[]|\T1/ptm/m/n/10.95 0.80| 
 []


Overfull \hbox (2.00397pt too wide) in paragraph at lines 388--388
[]|\T1/ptm/m/n/10.95 0.69| 
 []


Overfull \hbox (2.00397pt too wide) in paragraph at lines 388--388
[]|\T1/ptm/m/n/10.95 0.64| 
 []


Overfull \hbox (2.00397pt too wide) in paragraph at lines 388--388
[]|\T1/ptm/m/n/10.95 0.77| 
 []


Overfull \hbox (2.00397pt too wide) in paragraph at lines 388--388
[]|\T1/ptm/m/n/10.95 0.77| 
 []


Overfull \hbox (2.00397pt too wide) in paragraph at lines 388--388
[]|\T1/ptm/m/n/10.95 0.71| 
 []


Overfull \hbox (2.00397pt too wide) in paragraph at lines 388--388
[]|\T1/ptm/m/n/10.95 0.67| 
 []


Overfull \hbox (2.00397pt too wide) in paragraph at lines 388--388
[]|\T1/ptm/m/n/10.95 0.76| 
 []


Overfull \hbox (2.00397pt too wide) in paragraph at lines 388--388
[]|\T1/ptm/m/n/10.95 0.00| 
 []


Overfull \hbox (2.00397pt too wide) in paragraph at lines 388--388
[]|\T1/ptm/m/n/10.95 0.28| 
 []


Overfull \hbox (2.00397pt too wide) in paragraph at lines 388--388
[]|\T1/ptm/m/n/10.95 0.04| 
 []


Overfull \hbox (2.00397pt too wide) in paragraph at lines 388--388
[]|\T1/ptm/m/n/10.95 0.00| 
 []


Overfull \hbox (2.00397pt too wide) in paragraph at lines 388--388
[]|\T1/ptm/m/n/10.95 0.00| 
 []


Overfull \hbox (2.00397pt too wide) in paragraph at lines 388--388
[]|\T1/ptm/m/n/10.95 0.02| 
 []


Overfull \hbox (2.00397pt too wide) in paragraph at lines 388--388
[]|\T1/ptm/m/n/10.95 0.09| 
 []


Overfull \hbox (2.00397pt too wide) in paragraph at lines 388--388
[]|\T1/ptm/m/n/10.95 0.00| 
 []


Overfull \hbox (2.00397pt too wide) in paragraph at lines 388--388
[]|\T1/ptm/m/n/10.95 0.00| 
 []


Overfull \hbox (2.00397pt too wide) in paragraph at lines 388--388
[]|\T1/ptm/m/n/10.95 0.03| 
 []


Overfull \hbox (2.00397pt too wide) in paragraph at lines 388--388
[]|\T1/ptm/m/n/10.95 0.06| 
 []


Overfull \hbox (2.00397pt too wide) in paragraph at lines 388--388
[]|\T1/ptm/m/n/10.95 0.00| 
 []


Overfull \hbox (4.13904pt too wide) in paragraph at lines 388--388
[]|\T1/ptm/m/n/10.95 SVC| 
 []


Overfull \hbox (5.95677pt too wide) in paragraph at lines 388--388
[]|\T1/ptm/m/n/10.95 XGB| 
 []


Overfull \hbox (4.13904pt too wide) in paragraph at lines 388--388
[]|\T1/ptm/m/n/10.95 SVC| 
 []


Overfull \hbox (5.95677pt too wide) in paragraph at lines 388--388
[]|\T1/ptm/m/n/10.95 XGB| 
 []


Overfull \hbox (4.13904pt too wide) in paragraph at lines 388--388
[]|\T1/ptm/m/n/10.95 SVC| 
 []


Overfull \hbox (5.95677pt too wide) in paragraph at lines 388--388
[]|\T1/ptm/m/n/10.95 XGB| 
 []


Overfull \hbox (2.00397pt too wide) in paragraph at lines 388--388
[]|\T1/ptm/m/n/10.95 0.68| 
 []


Overfull \hbox (2.00397pt too wide) in paragraph at lines 388--388
[]|\T1/ptm/m/n/10.95 0.63| 
 []


Overfull \hbox (2.00397pt too wide) in paragraph at lines 388--388
[]|\T1/ptm/m/n/10.95 0.65| 
 []


Overfull \hbox (2.00397pt too wide) in paragraph at lines 388--388
[]|\T1/ptm/m/n/10.95 0.69| 
 []


Overfull \hbox (2.00397pt too wide) in paragraph at lines 388--388
[]|\T1/ptm/m/n/10.95 0.93| 
 []


Overfull \hbox (2.00397pt too wide) in paragraph at lines 388--388
[]|\T1/ptm/m/n/10.95 0.83| 
 []


Overfull \hbox (2.00397pt too wide) in paragraph at lines 388--388
[]|\T1/ptm/m/n/10.95 0.69| 
 []


Overfull \hbox (2.00397pt too wide) in paragraph at lines 388--388
[]|\T1/ptm/m/n/10.95 0.91| 
 []


Overfull \hbox (2.00397pt too wide) in paragraph at lines 388--388
[]|\T1/ptm/m/n/10.95 0.79| 
 []


Overfull \hbox (2.00397pt too wide) in paragraph at lines 388--388
[]|\T1/ptm/m/n/10.95 0.72| 
 []


Overfull \hbox (2.00397pt too wide) in paragraph at lines 388--388
[]|\T1/ptm/m/n/10.95 0.67| 
 []


Overfull \hbox (2.00397pt too wide) in paragraph at lines 388--388
[]|\T1/ptm/m/n/10.95 0.79| 
 []


Overfull \hbox (2.00397pt too wide) in paragraph at lines 388--388
[]|\T1/ptm/m/n/10.95 0.84| 
 []


Overfull \hbox (2.00397pt too wide) in paragraph at lines 388--388
[]|\T1/ptm/m/n/10.95 0.61| 
 []


Overfull \hbox (2.00397pt too wide) in paragraph at lines 388--388
[]|\T1/ptm/m/n/10.95 0.67| 
 []


Overfull \hbox (2.00397pt too wide) in paragraph at lines 388--388
[]|\T1/ptm/m/n/10.95 0.84| 
 []


Overfull \hbox (2.00397pt too wide) in paragraph at lines 388--388
[]|\T1/ptm/m/n/10.95 0.68| 
 []


Overfull \hbox (2.00397pt too wide) in paragraph at lines 388--388
[]|\T1/ptm/m/n/10.95 0.53| 
 []


Overfull \hbox (2.00397pt too wide) in paragraph at lines 388--388
[]|\T1/ptm/m/n/10.95 0.53| 
 []


Overfull \hbox (2.00397pt too wide) in paragraph at lines 388--388
[]|\T1/ptm/m/n/10.95 0.69| 
 []


Overfull \hbox (2.00397pt too wide) in paragraph at lines 388--388
[]|\T1/ptm/m/n/10.95 0.75| 
 []


Overfull \hbox (2.00397pt too wide) in paragraph at lines 388--388
[]|\T1/ptm/m/n/10.95 0.57| 
 []


Overfull \hbox (2.00397pt too wide) in paragraph at lines 388--388
[]|\T1/ptm/m/n/10.95 0.59| 
 []


Overfull \hbox (2.00397pt too wide) in paragraph at lines 388--388
[]|\T1/ptm/m/n/10.95 0.75| 
 []


Overfull \hbox (2.00397pt too wide) in paragraph at lines 388--388
[]|\T1/ptm/m/n/10.95 0.71| 
 []


Overfull \hbox (2.00397pt too wide) in paragraph at lines 388--388
[]|\T1/ptm/m/n/10.95 0.66| 
 []


Overfull \hbox (2.00397pt too wide) in paragraph at lines 388--388
[]|\T1/ptm/m/n/10.95 0.51| 
 []


Overfull \hbox (2.00397pt too wide) in paragraph at lines 388--388
[]|\T1/ptm/m/n/10.95 0.71| 
 []


Overfull \hbox (2.00397pt too wide) in paragraph at lines 388--388
[]|\T1/ptm/m/n/10.95 0.70| 
 []


Overfull \hbox (2.00397pt too wide) in paragraph at lines 388--388
[]|\T1/ptm/m/n/10.95 0.66| 
 []


Overfull \hbox (2.00397pt too wide) in paragraph at lines 388--388
[]|\T1/ptm/m/n/10.95 0.56| 
 []


Overfull \hbox (2.00397pt too wide) in paragraph at lines 388--388
[]|\T1/ptm/m/n/10.95 0.70| 
 []


Overfull \hbox (2.00397pt too wide) in paragraph at lines 388--388
[]|\T1/ptm/m/n/10.95 0.70| 
 []


Overfull \hbox (2.00397pt too wide) in paragraph at lines 388--388
[]|\T1/ptm/m/n/10.95 0.66| 
 []


Overfull \hbox (2.00397pt too wide) in paragraph at lines 388--388
[]|\T1/ptm/m/n/10.95 0.53| 
 []


Overfull \hbox (2.00397pt too wide) in paragraph at lines 388--388
[]|\T1/ptm/m/n/10.95 0.70| 
 []


Overfull \hbox (2.00397pt too wide) in paragraph at lines 388--388
[]|\T1/ptm/m/n/10.95 0.67| 
 []


Overfull \hbox (2.00397pt too wide) in paragraph at lines 388--388
[]|\T1/ptm/m/n/10.95 0.57| 
 []


Overfull \hbox (2.00397pt too wide) in paragraph at lines 388--388
[]|\T1/ptm/m/n/10.95 0.37| 
 []


Overfull \hbox (2.00397pt too wide) in paragraph at lines 388--388
[]|\T1/ptm/m/n/10.95 0.65| 
 []


Overfull \hbox (2.00397pt too wide) in paragraph at lines 388--388
[]|\T1/ptm/m/n/10.95 0.46| 
 []


Overfull \hbox (2.00397pt too wide) in paragraph at lines 388--388
[]|\T1/ptm/m/n/10.95 0.34| 
 []


Overfull \hbox (2.00397pt too wide) in paragraph at lines 388--388
[]|\T1/ptm/m/n/10.95 0.46| 
 []


Overfull \hbox (2.00397pt too wide) in paragraph at lines 388--388
[]|\T1/ptm/m/n/10.95 0.51| 
 []


Overfull \hbox (2.00397pt too wide) in paragraph at lines 388--388
[]|\T1/ptm/m/n/10.95 0.55| 
 []


Overfull \hbox (2.00397pt too wide) in paragraph at lines 388--388
[]|\T1/ptm/m/n/10.95 0.42| 
 []


Overfull \hbox (2.00397pt too wide) in paragraph at lines 388--388
[]|\T1/ptm/m/n/10.95 0.41| 
 []


Overfull \hbox (2.00397pt too wide) in paragraph at lines 388--388
[]|\T1/ptm/m/n/10.95 0.57| 
 []


Overfull \hbox (2.00397pt too wide) in paragraph at lines 388--388
[]|\T1/ptm/m/n/10.95 0.76| 
 []


Overfull \hbox (2.00397pt too wide) in paragraph at lines 388--388
[]|\T1/ptm/m/n/10.95 0.51| 
 []


Overfull \hbox (2.00397pt too wide) in paragraph at lines 388--388
[]|\T1/ptm/m/n/10.95 0.51| 
 []


Overfull \hbox (2.00397pt too wide) in paragraph at lines 388--388
[]|\T1/ptm/m/n/10.95 0.76| 
 []


Overfull \hbox (2.00397pt too wide) in paragraph at lines 388--388
[]|\T1/ptm/m/n/10.95 0.53| 
 []


Overfull \hbox (2.00397pt too wide) in paragraph at lines 388--388
[]|\T1/ptm/m/n/10.95 0.40| 
 []


Overfull \hbox (2.00397pt too wide) in paragraph at lines 388--388
[]|\T1/ptm/m/n/10.95 0.42| 
 []


Overfull \hbox (2.00397pt too wide) in paragraph at lines 388--388
[]|\T1/ptm/m/n/10.95 0.54| 
 []


Overfull \hbox (2.00397pt too wide) in paragraph at lines 388--388
[]|\T1/ptm/m/n/10.95 0.63| 
 []


Overfull \hbox (2.00397pt too wide) in paragraph at lines 388--388
[]|\T1/ptm/m/n/10.95 0.45| 
 []


Overfull \hbox (2.00397pt too wide) in paragraph at lines 388--388
[]|\T1/ptm/m/n/10.95 0.46| 
 []


Overfull \hbox (2.00397pt too wide) in paragraph at lines 388--388
[]|\T1/ptm/m/n/10.95 0.63| 
 []

[48] [49] [50]
<figures/subspace-selection-A.pdf, id=2129, 1806.75pt x 513.11702pt>
File: figures/subspace-selection-A.pdf Graphic file (type pdf)
<use figures/subspace-selection-A.pdf>
Package pdftex.def Info: figures/subspace-selection-A.pdf  used on input line 493.
(pdftex.def)             Requested size: 426.79181pt x 142.26247pt.
<figures/subspace-selection-B.pdf, id=2130, 1806.75pt x 578.16pt>
File: figures/subspace-selection-B.pdf Graphic file (type pdf)
<use figures/subspace-selection-B.pdf>
Package pdftex.def Info: figures/subspace-selection-B.pdf  used on input line 498.
(pdftex.def)             Requested size: 426.79181pt x 142.26357pt.
) [51] [52 <./figures/subspace-selection-A.pdf> <./figures/subspace-selection-B.pdf>] [53]
\openout2 = `chapter4-new.aux'.

 (./chapter4-new.tex
Chapter 5.
[54




]
Overfull \hbox (1.00938pt too wide) in paragraph at lines 20--22
\T1/ptm/m/n/10.95 To ad-dress this, we im-ple-ment a multi-stage pre-pro-cess-ing and data qual-ity han-dling pipeline
 []


LaTeX Warning: Reference `chp4-framework' on page 1 undefined on input line 32.

[55]
Overfull \hbox (1.77052pt too wide) in alignment at lines 45--52
 [] [] [] [] [] [] [] 
 []


Overfull \hbox (1.77052pt too wide) in alignment at lines 52--59
 [] [] [] [] [] [] [] 
 []


Overfull \hbox (1.77052pt too wide) in alignment at lines 59--63
 [] [] [] [] [] [] [] 
 []


Overfull \hbox (1.77052pt too wide) in alignment at lines 63--66
 [] [] [] [] [] [] [] 
 []


Underfull \hbox (badness 10000) in paragraph at lines 68--68
[]|\T1/ptm/m/n/10.95 speed &
 []


Underfull \hbox (badness 10000) in paragraph at lines 68--68
\T1/ptm/m/n/10.95 ac-cel-er-a-tion
 []


Underfull \hbox (badness 10000) in paragraph at lines 68--68
[]|\T1/ptm/m/n/10.95 bike, bus,
 []


Underfull \hbox (badness 10000) in paragraph at lines 68--68
\T1/ptm/m/n/10.95 car, foot,
 []


Underfull \hbox (badness 10000) in paragraph at lines 70--70
[]|\T1/ptm/m/n/10.95 bike, bus,
 []


Underfull \hbox (badness 10000) in paragraph at lines 70--70
\T1/ptm/m/n/10.95 car, foot,
 []


Underfull \hbox (badness 10000) in paragraph at lines 72--72
[]|\T1/ptm/m/n/10.95 distance,
 []


Underfull \hbox (badness 10000) in paragraph at lines 72--72
\T1/ptm/m/n/10.95 ve-loc-ity
 []


Underfull \hbox (badness 10000) in paragraph at lines 72--72
\T1/ptm/m/n/10.95 & deep
 []


Underfull \hbox (badness 10000) in paragraph at lines 72--72
\T1/ptm/m/n/10.95 ex-tracted
 []


Underfull \hbox (badness 10000) in paragraph at lines 72--72
[]|\T1/ptm/m/n/10.95 bike, bus,
 []


Underfull \hbox (badness 10000) in paragraph at lines 72--72
\T1/ptm/m/n/10.95 car, foot,
 []


Underfull \hbox (badness 10000) in paragraph at lines 72--72
\T1/ptm/m/n/10.95 sub-way,
 []


Underfull \hbox (badness 10000) in paragraph at lines 76--77
[]|\T1/ptm/m/n/10.95 bike, bus,
 []


Underfull \hbox (badness 10000) in paragraph at lines 79--79
[]|\T1/ptm/m/n/10.95 distance,
 []


Underfull \hbox (badness 10000) in paragraph at lines 79--79
\T1/ptm/m/n/10.95 speed &
 []


Underfull \hbox (badness 10000) in paragraph at lines 79--79
\T1/ptm/m/n/10.95 ac-cel-er-a-tion
 []


Underfull \hbox (badness 10000) in paragraph at lines 79--79
[]|\T1/ptm/m/n/10.95 bike, bus,
 []


Underfull \hbox (badness 10000) in paragraph at lines 79--79
\T1/ptm/m/n/10.95 foot, car,
 []


Underfull \hbox (badness 10000) in paragraph at lines 83--84
[]|\T1/ptm/m/n/10.95 bike, bus,
 []


Underfull \hbox (badness 10000) in paragraph at lines 83--84
\T1/ptm/m/n/10.95 car, foot,
 []


Underfull \hbox (badness 7832) in paragraph at lines 86--86
[]|\T1/ptm/m/n/10.95 speed stats.
 []


Underfull \hbox (badness 10000) in paragraph at lines 86--86
\T1/ptm/m/n/10.95 & lo-ca-tion
 []


Underfull \hbox (badness 10000) in paragraph at lines 86--86
[]|\T1/ptm/m/n/10.95 bike, bus,
 []


Underfull \hbox (badness 10000) in paragraph at lines 86--86
\T1/ptm/m/n/10.95 car, foot,
 []


Underfull \hbox (badness 10000) in paragraph at lines 88--88
[]|\T1/ptm/m/n/10.95 velocity &
 []


Underfull \hbox (badness 10000) in paragraph at lines 88--88
\T1/ptm/m/n/10.95 ac-cel-er-a-tion
 []


Underfull \hbox (badness 10000) in paragraph at lines 88--88
[]|\T1/ptm/m/n/10.95 bike, bus,
 []


Underfull \hbox (badness 10000) in paragraph at lines 88--88
\T1/ptm/m/n/10.95 car, foot,
 []


Underfull \hbox (badness 10000) in paragraph at lines 90--90
[]|\T1/ptm/m/n/10.95 bus &
 []


Underfull \hbox (badness 10000) in paragraph at lines 90--90
\T1/ptm/m/n/10.95 car, foot,
 []


Underfull \hbox (badness 10000) in paragraph at lines 90--90
\T1/ptm/m/n/10.95 sta-tion-ary,
 []


Underfull \hbox (badness 10000) in paragraph at lines 92--92
[]|\T1/ptm/m/n/10.95 distance,
 []


Underfull \hbox (badness 10000) in paragraph at lines 92--92
\T1/ptm/m/n/10.95 ac-cel-er-a-tion,
 []


Underfull \hbox (badness 10000) in paragraph at lines 92--92
\T1/ptm/m/n/10.95 geospa-tial
 []


Underfull \hbox (badness 1817) in paragraph at lines 92--92
[]|\T1/ptm/m/n/10.95 bike, boat,
 []


Underfull \hbox (badness 10000) in paragraph at lines 92--92
\T1/ptm/m/n/10.95 bus, car,
 []


Underfull \hbox (badness 1708) in paragraph at lines 92--92
\T1/ptm/m/n/10.95 foot, train,
 []


Underfull \hbox (badness 10000) in paragraph at lines 94--94
[]|\T1/ptm/m/n/10.95 velocity,
 []


Underfull \hbox (badness 10000) in paragraph at lines 94--94
\T1/ptm/m/n/10.95 ac-cel-er-a-tion,
 []


Underfull \hbox (badness 10000) in paragraph at lines 94--94
\T1/ptm/m/n/10.95 turn-ing
 []


Underfull \hbox (badness 10000) in paragraph at lines 94--94
[]|\T1/ptm/m/n/10.95 bike, bus
 []


Underfull \hbox (badness 10000) in paragraph at lines 94--94
\T1/ptm/m/n/10.95 & taxi,
 []


Underfull \hbox (badness 10000) in paragraph at lines 94--94
\T1/ptm/m/n/10.95 car, foot,
 []


Underfull \hbox (badness 10000) in paragraph at lines 94--94
\T1/ptm/m/n/10.95 sub-way,
 []


Underfull \hbox (badness 10000) in paragraph at lines 96--96
[]|\T1/ptm/m/n/10.95 auto-
 []


Underfull \hbox (badness 10000) in paragraph at lines 96--96
\T1/ptm/m/n/10.95 extracted
 []


Underfull \hbox (badness 10000) in paragraph at lines 96--96
\T1/ptm/m/n/10.95 (deep)
 []


Underfull \hbox (badness 3343) in paragraph at lines 96--96
[]|\T1/ptm/m/n/10.95 bike, foot,
 []


Underfull \hbox (badness 10000) in paragraph at lines 98--98
[]|\T1/ptm/m/n/10.95 speed, ac-
 []


Underfull \hbox (badness 10000) in paragraph at lines 98--98
\T1/ptm/m/n/10.95 cel-er-a-tion
 []


Underfull \hbox (badness 10000) in paragraph at lines 98--98
\T1/ptm/m/n/10.95 & head-ing
 []


Underfull \hbox (badness 10000) in paragraph at lines 98--98
[]|\T1/ptm/m/n/10.95 bike, bus,
 []


Underfull \hbox (badness 10000) in paragraph at lines 98--98
\T1/ptm/m/n/10.95 car, foot,
 []


Underfull \hbox (badness 10000) in paragraph at lines 98--98
\T1/ptm/m/n/10.95 e-bike,
 []


Underfull \hbox (badness 10000) in paragraph at lines 100--100
[]|\T1/ptm/m/n/10.95 speed, ac-
 []


Underfull \hbox (badness 10000) in paragraph at lines 100--100
\T1/ptm/m/n/10.95 cel-er-a-tion,
 []


Underfull \hbox (badness 10000) in paragraph at lines 100--100
[]|\T1/ptm/m/n/10.95 bike, bus,
 []


Underfull \hbox (badness 10000) in paragraph at lines 100--100
\T1/ptm/m/n/10.95 foot, car,
 []


Underfull \hbox (badness 10000) in paragraph at lines 102--102
[]|\T1/ptm/m/n/10.95 velocity,
 []


Underfull \hbox (badness 10000) in paragraph at lines 102--102
\T1/ptm/m/n/10.95 ac-cel-er-a-tion,
 []


Underfull \hbox (badness 10000) in paragraph at lines 102--102
\T1/ptm/m/n/10.95 frequency-
 []


Underfull \hbox (badness 10000) in paragraph at lines 102--102
[]|\T1/ptm/m/n/10.95 bike, bus,
 []


Underfull \hbox (badness 10000) in paragraph at lines 102--102
\T1/ptm/m/n/10.95 car, foot,
 []


Underfull \hbox (badness 10000) in paragraph at lines 102--102
\T1/ptm/m/n/10.95 sub-way,
 []


Underfull \hbox (badness 10000) in paragraph at lines 104--104
[]|\T1/ptm/m/n/10.95 bike, bus,
 []


Underfull \hbox (badness 10000) in paragraph at lines 104--104
\T1/ptm/m/n/10.95 car, foot,
 []


Underfull \hbox (badness 10000) in paragraph at lines 106--106
[]|\T1/ptm/m/n/10.95 distance,
 []


Underfull \hbox (badness 10000) in paragraph at lines 106--106
\T1/ptm/m/n/10.95 head-ing,
 []


Underfull \hbox (badness 10000) in paragraph at lines 106--106
[]|\T1/ptm/m/n/10.95 bike, bus,
 []


Underfull \hbox (badness 10000) in paragraph at lines 106--106
\T1/ptm/m/n/10.95 car, foot,
 []


Overfull \hbox (1.77052pt too wide) in alignment at lines 66--108
 [] [] [] [] [] [] [] 
 []

[56] [57] [58]
<figures/chp4-framework.pdf, id=2247, 1068.99374pt x 555.07375pt>
File: figures/chp4-framework.pdf Graphic file (type pdf)
<use figures/chp4-framework.pdf>
Package pdftex.def Info: figures/chp4-framework.pdf  used on input line 123.
(pdftex.def)             Requested size: 426.79135pt x 221.61053pt.

Underfull \hbox (badness 10000) in paragraph at lines 129--130

 []


Underfull \hbox (badness 10000) in paragraph at lines 135--137

 []


Underfull \hbox (badness 10000) in paragraph at lines 138--140

 []

[59]
Overfull \hbox (21.33496pt too wide) in paragraph at lines 148--151
\T1/ptm/m/n/10.95 al-ti-tude, speed, bear-ing, and GPS ac-cu-racy, thus $\OML/ztmcm/m/it/10.95 L[] \OT1/ztmcm/m/n/10.95 =\OML/ztmcm/m/it/10.95 < time\OT1/ztmcm/m/n/10.95 [\OML/ztmcm/m/it/10.95 t\OT1/ztmcm/m/n/10.95 ]\OML/ztmcm/m/it/10.95 ; long; lat; alt; speed; bearing; gps[]acc >$\T1/ptm/m/n/10.95 .
 []

[60 <./figures/chp4-framework.pdf>] [61]
<figures/fig2.pdf, id=2318, 722.7pt x 289.08pt>
File: figures/fig2.pdf Graphic file (type pdf)
<use figures/fig2.pdf>
Package pdftex.def Info: figures/fig2.pdf  used on input line 197.
(pdftex.def)             Requested size: 426.79135pt x 170.71892pt.
 [62 <./figures/fig2.pdf>]
File: figures/point-bearing.pdf Graphic file (type pdf)
<use figures/point-bearing.pdf>
Package pdftex.def Info: figures/point-bearing.pdf  used on input line 229.
(pdftex.def)             Requested size: 256.07741pt x 132.13446pt.

Overfull \hbox (9.177pt too wide) in paragraph at lines 235--236
\T1/ptm/m/n/10.95 main. Be-cause the Ge-o-life dataset lacks in-stan-ta-neous GPS speed in-for-ma-tion^^Vunlike the SMF2016
 []

[63] [64]
File: figures/instance-time-fft.pdf Graphic file (type pdf)
<use figures/instance-time-fft.pdf>
Package pdftex.def Info: figures/instance-time-fft.pdf  used on input line 259.
(pdftex.def)             Requested size: 350.2622pt x 408.07718pt.
 [65]

Package natbib Warning: Citation `xue2009svm' on page 66 undefined on input line 300.

[66] [67] [68]
File: figures/roc_curve.png Graphic file (type png)
<use figures/roc_curve.png>
Package pdftex.def Info: figures/roc_curve.png  used on input line 375.
(pdftex.def)             Requested size: 341.43437pt x 204.86006pt.
 [69] [70] [71]
File: figures/subspace-illustration.pdf Graphic file (type pdf)
<use figures/subspace-illustration.pdf>
Package pdftex.def Info: figures/subspace-illustration.pdf  used on input line 417.
(pdftex.def)             Requested size: 376.05557pt x 136.42015pt.
 [72] [73]) [74]
\openout2 = `chapter5.aux'.

 (./chapter5.tex
Chapter 6.
[75




] [76]
<figures/smf2016-DT-hierarchical.png, id=2497, 407.5225pt x 348.30125pt>
File: figures/smf2016-DT-hierarchical.png Graphic file (type png)
<use figures/smf2016-DT-hierarchical.png>
Package pdftex.def Info: figures/smf2016-DT-hierarchical.png  used on input line 131.
(pdftex.def)             Requested size: 172.84813pt x 147.73111pt.
<figures/smf2016-RF-hierarchical.png, id=2498, 454.69875pt x 348.30125pt>
File: figures/smf2016-RF-hierarchical.png Graphic file (type png)
<use figures/smf2016-RF-hierarchical.png>
Package pdftex.def Info: figures/smf2016-RF-hierarchical.png  used on input line 138.
(pdftex.def)             Requested size: 172.84813pt x 132.40367pt.
<figures/smf2016-SVM-hierarchical.png, id=2499, 342.27875pt x 444.66125pt>
File: figures/smf2016-SVM-hierarchical.png Graphic file (type png)
<use figures/smf2016-SVM-hierarchical.png>
Package pdftex.def Info: figures/smf2016-SVM-hierarchical.png  used on input line 148.
(pdftex.def)             Requested size: 134.43776pt x 174.65205pt.
<figures/smf2016-XGB-hierarchical.png, id=2500, 407.5225pt x 348.30125pt>
File: figures/smf2016-XGB-hierarchical.png Graphic file (type png)
<use figures/smf2016-XGB-hierarchical.png>
Package pdftex.def Info: figures/smf2016-XGB-hierarchical.png  used on input line 155.
(pdftex.def)             Requested size: 172.84813pt x 147.73111pt.
<figures/hiclass-model.pdf, id=2503, 678.535pt x 364.36125pt>
File: figures/hiclass-model.pdf Graphic file (type pdf)
<use figures/hiclass-model.pdf>
Package pdftex.def Info: figures/hiclass-model.pdf  used on input line 259.
(pdftex.def)             Requested size: 426.79135pt x 229.1763pt.
 [77] [78 <./figures/smf2016-DT-hierarchical.png> <./figures/smf2016-RF-hierarchical.png> <./figures/smf2016-SVM-hierarchical.png> <./figures/smf2016-XGB-hierarchical.png> <./figures/hiclass-model.pdf>]
<figures/hierarchical-prediction.pdf, id=2543, 494.84875pt x 150.5625pt>
File: figures/hierarchical-prediction.pdf Graphic file (type pdf)
<use figures/hierarchical-prediction.pdf>
Package pdftex.def Info: figures/hierarchical-prediction.pdf  used on input line 282.
(pdftex.def)             Requested size: 384.1096pt x 116.8685pt.
 [79 <./figures/hierarchical-prediction.pdf>] [80] [81]) [82]
\openout2 = `chapter6.aux'.

 (./chapter6.tex
Chapter 7.
[83




] [84] [85] [86] [87] [88] [89] [90]
<figures/smf2016-fisher-scores.pdf, id=2685, 867.24pt x 1373.13pt>
File: figures/smf2016-fisher-scores.pdf Graphic file (type pdf)
<use figures/smf2016-fisher-scores.pdf>
Package pdftex.def Info: figures/smf2016-fisher-scores.pdf  used on input line 329.
(pdftex.def)             Requested size: 284.52274pt x 284.51059pt.
<figures/geolife-fisher-scores.pdf, id=2686, 867.24pt x 1084.05pt>
File: figures/geolife-fisher-scores.pdf Graphic file (type pdf)
<use figures/geolife-fisher-scores.pdf>
Package pdftex.def Info: figures/geolife-fisher-scores.pdf  used on input line 336.
(pdftex.def)             Requested size: 284.52274pt x 284.52603pt.
) [91] [92 <./figures/smf2016-fisher-scores.pdf> <./figures/geolife-fisher-scores.pdf>] [93]
\openout2 = `chapter7.aux'.

 (./chapter7.tex
Chapter 8.
[94




] [95]) [96] (./main.bbl
Underfull \hbox (badness 1102) in paragraph at lines 9--15
\T1/ptm/m/n/10.95 In-ter-na-tional Pub-lish-ing, Cham, 2018.  ISBN 978-3-319-94463-0.  doi: $10 . 1007 /
 []

[97




] [98] [99] [100] [101] [102] [103]
Underfull \hbox (badness 1072) in paragraph at lines 493--496
[]\T1/ptm/m/n/10.95 Fabian Pe-dregosa, Gal Varo-quaux, Alexan-dre Gram-fort, Vin-cent Michel, Bertrand
 []

[104] [105] [106]
Underfull \hbox (badness 1210) in paragraph at lines 740--743
[]\T1/ptm/m/n/10.95 Guangnian Xiao, Qin Cheng, and Chun-qin Zhang.  De-tect-ing travel modes from
 []

[107] [108]
Underfull \hbox (badness 5878) in paragraph at lines 830--833
[]\T1/ptm/m/n/10.95 Yu Zheng, Hao Fu, Xing Xie, Wei-Ying Ma, and Quan-nan Li.  \T1/ptm/m/it/10.95 Ge-o-life
 []


Underfull \hbox (badness 3039) in paragraph at lines 830--833
\T1/ptm/m/it/10.95 GPS tra-jec-tory dataset - User Guide\T1/ptm/m/n/10.95 , ge-o-life gps tra-jec-to-ries 1.1 edi-tion, July
 []

) [109]
\openout2 = `appendix1.aux'.

 (./appendix1.tex
Appendix A.
[110


]
<figures/fig7a.png, id=2800, 1806.75pt x 542.025pt>
File: figures/fig7a.png Graphic file (type png)
<use figures/fig7a.png>
Package pdftex.def Info: figures/fig7a.png  used on input line 21.
(pdftex.def)             Requested size: 554.83005pt x 166.44632pt.
<figures/fig7b.png, id=2801, 1806.75pt x 542.025pt>
File: figures/fig7b.png Graphic file (type png)
<use figures/fig7b.png>
Package pdftex.def Info: figures/fig7b.png  used on input line 27.
(pdftex.def)             Requested size: 554.83005pt x 166.44632pt.


LaTeX Warning: Float too large for page by 17.02856pt on input line 32.

[111 <./figures/fig7a.png> <./figures/fig7b.png>]
<figures/fig7c.png, id=2808, 1806.75pt x 542.025pt>
File: figures/fig7c.png Graphic file (type png)
<use figures/fig7c.png>
Package pdftex.def Info: figures/fig7c.png  used on input line 50.
(pdftex.def)             Requested size: 554.83005pt x 166.44632pt.
<figures/fig7d.png, id=2809, 1806.75pt x 542.025pt>
File: figures/fig7d.png Graphic file (type png)
<use figures/fig7d.png>
Package pdftex.def Info: figures/fig7d.png  used on input line 56.
(pdftex.def)             Requested size: 554.83005pt x 166.44632pt.


LaTeX Warning: Float too large for page by 17.02856pt on input line 61.

[112 <./figures/fig7c.png> <./figures/fig7d.png>])
\openout2 = `appendix2.aux'.

 (./appendix2.tex
Appendix B.
LaTeX Font Info:    Font shape `OT1/ptm/bx/n' in size <24.88> not available
(Font)              Font shape `OT1/ptm/b/n' tried instead on input line 1.
LaTeX Font Info:    Font shape `OT1/ptm/bx/n' in size <17.28> not available
(Font)              Font shape `OT1/ptm/b/n' tried instead on input line 1.
LaTeX Font Info:    Font shape `OT1/ptm/bx/n' in size <14.4> not available
(Font)              Font shape `OT1/ptm/b/n' tried instead on input line 1.
<figures/fig-b11.pdf, id=2816, 634.44217pt x 409.7662pt>
File: figures/fig-b11.pdf Graphic file (type pdf)
<use figures/fig-b11.pdf>
Package pdftex.def Info: figures/fig-b11.pdf  used on input line 20.
(pdftex.def)             Requested size: 192.0548pt x 124.03749pt.
<figures/fig-b12.pdf, id=2817, 634.44217pt x 409.7662pt>
File: figures/fig-b12.pdf Graphic file (type pdf)
<use figures/fig-b12.pdf>
Package pdftex.def Info: figures/fig-b12.pdf  used on input line 26.
(pdftex.def)             Requested size: 170.71393pt x 110.25694pt.
<figures/fig-b21.pdf, id=2818, 634.44217pt x 409.7662pt>
File: figures/fig-b21.pdf Graphic file (type pdf)
<use figures/fig-b21.pdf>
Package pdftex.def Info: figures/fig-b21.pdf  used on input line 32.
(pdftex.def)             Requested size: 192.0548pt x 124.03749pt.
<figures/fig-b22.pdf, id=2819, 634.44217pt x 409.7662pt>
File: figures/fig-b22.pdf Graphic file (type pdf)
<use figures/fig-b22.pdf>
Package pdftex.def Info: figures/fig-b22.pdf  used on input line 38.
(pdftex.def)             Requested size: 192.0548pt x 124.03749pt.
) [113









] [114 <./figures/fig-b11.pdf> <./figures/fig-b12.pdf> <./figures/fig-b21.pdf> <./figures/fig-b22.pdf>]

Package natbib Warning: There were undefined citations.


FiXme Summary: Number of notes: 0,
(FiXme)        Number of warnings: 0,
(FiXme)        Number of errors: 0,
(FiXme)        Number of fatal errors: 0,
(FiXme)        Total: 0.

(./main.aux (./mymacros.aux) (./dedicate.aux) (./abstract.aux) (./acknows.aux) (./quote.aux) (./abbrevs.aux) (./chapter1.aux) (./chapter2.aux) (./chapter3.aux) (./chapter4-old.aux) (./chapter4-new.aux) (./chapter5.aux) (./chapter6.aux) (./chapter7.aux) (./appendix1.aux) (./appendix2.aux))
 ***********
LaTeX2e <2023-11-01> patch level 1
L3 programming layer <2024-01-22>
 ***********


LaTeX Warning: There were undefined references.


LaTeX Warning: There were multiply-defined labels.

Package rerunfilecheck Info: File `main.out' has not changed.
(rerunfilecheck)             Checksum: 20FBD85C7FED7B078B92FD4FEDD95FF1;24606.
 ) 
Here is how much of TeX's memory you used:
 28624 strings out of 474222
 538609 string characters out of 5748733
 1977975 words of memory out of 5000000
 49745 multiletter control sequences out of 15000+600000
 681073 words of font info for 210 fonts, out of 8000000 for 9000
 1141 hyphenation exceptions out of 8191
 90i,17n,93p,1457b,1451s stack positions out of 10000i,1000n,20000p,200000b,200000s
</usr/share/texlive/texmf-dist/fonts/type1/public/amsfonts/cm/cmex10.pfb></usr/share/texlive/texmf-dist/fonts/type1/public/amsfonts/cm/cmmi10.pfb></usr/share/texlive/texmf-dist/fonts/type1/public/amsfonts/cm/cmmi7.pfb></usr/share/texlive/texmf-dist/fonts/type1/public/amsfonts/cm/cmmi8.pfb></usr/share/texlive/texmf-dist/fonts/type1/public/amsfonts/cm/cmr10.pfb></usr/share/texlive/texmf-dist/fonts/type1/public/amsfonts/cm/cmr7.pfb></usr/share/texlive/texmf-dist/fonts/type1/public/amsfonts/cm/cmr8.pfb></usr/share/texlive/texmf-dist/fonts/type1/public/amsfonts/cm/cmsy10.pfb></usr/share/texlive/texmf-dist/fonts/type1/public/amsfonts/cm/cmsy8.pfb></usr/share/texlive/texmf-dist/fonts/type1/public/amsfonts/cm/cmti8.pfb></usr/share/texlive/texmf-dist/fonts/type1/urw/courier/ucrr8a.pfb></usr/share/texlive/texmf-dist/fonts/type1/urw/symbol/usyr.pfb></usr/share/texlive/texmf-dist/fonts/type1/urw/symbol/usyr.pfb></usr/share/texlive/texmf-dist/fonts/type1/urw/times/utmb8a.pfb></usr/share/texlive/texmf-dist/fonts/type1/urw/times/utmbi8a.pfb></usr/share/texlive/texmf-dist/fonts/type1/urw/times/utmr8a.pfb></usr/share/texlive/texmf-dist/fonts/type1/urw/times/utmr8a.pfb></usr/share/texlive/texmf-dist/fonts/type1/urw/times/utmri8a.pfb>
Output written on main.pdf (134 pages, 7303599 bytes).
PDF statistics:
 3188 PDF objects out of 3580 (max. 8388607)
 2541 compressed objects within 26 object streams
 586 named destinations out of 1000 (max. 500000)
 1231 words of extra memory for PDF output out of 10000 (max. 10000000)

